

Microchip MPLAB XC8 Assembler V2.31 build 20201012212115 
                                                                                               Fri Mar 12 17:32:47 2021

Microchip MPLAB XC8 C Compiler v2.31 (Free license) build 20201012212115 Og1 
     1                           	processor	18F27Q43
     2                           	fnconf	rparam,??,?,0
     3                           	pagewidth 120
     4                           	opt	flic
     5                           	psect	eeprom_data,global,class=EEDATA,delta=1,noexec
     6                           	psect	idataCOMRAM,global,class=CODE,delta=1,noexec
     7                           	psect	cinit,global,reloc=2,class=CODE,delta=1
     8                           	psect	bssCOMRAM,global,class=COMRAM,space=1,delta=1,lowdata,noexec
     9                           	psect	dataCOMRAM,global,class=COMRAM,space=1,delta=1,lowdata,noexec
    10                           	psect	cstackCOMRAM,global,class=COMRAM,space=1,delta=1,lowdata,noexec
    11                           	psect	text0,global,reloc=2,class=CODE,delta=1
    12                           	psect	text1,global,reloc=2,class=CODE,delta=1
    13                           	psect	text2,global,reloc=2,class=CODE,delta=1
    14                           	psect	text3,global,reloc=2,class=CODE,delta=1
    15                           	psect	text4,global,reloc=2,class=CODE,delta=1
    16                           	psect	text5,global,reloc=2,class=CODE,delta=1
    17                           	psect	text6,global,reloc=2,class=CODE,delta=1
    18                           	psect	text7,global,reloc=2,class=CODE,delta=1
    19                           	psect	intsave_regs,global,class=BIGRAM,space=1,delta=1,noexec
    20                           	psect	rparam,global,class=COMRAM,space=1,delta=1,noexec
    21                           	psect	idloc,global,abs,ovrld,class=IDLOC,space=5,delta=1,noexec
    22                           	psect	config,global,abs,ovrld,class=CONFIG,space=4,delta=1,noexec
    23  0000                     
    24                           ; Version 2.30
    25                           ; Generated 20/08/2020 GMT
    26                           ; 
    27                           ; Copyright © 2020, Microchip Technology Inc. and its subsidiaries ("Microchip")
    28                           ; All rights reserved.
    29                           ; 
    30                           ; This software is developed by Microchip Technology Inc. and its subsidiaries ("Microch
      +                          ip").
    31                           ; 
    32                           ; Redistribution and use in source and binary forms, with or without modification, are
    33                           ; permitted provided that the following conditions are met:
    34                           ; 
    35                           ;     1. Redistributions of source code must retain the above copyright notice, this lis
      +                          t of
    36                           ;        conditions and the following disclaimer.
    37                           ; 
    38                           ;     2. Redistributions in binary form must reproduce the above copyright notice, this 
      +                          list
    39                           ;        of conditions and the following disclaimer in the documentation and/or other
    40                           ;        materials provided with the distribution. Publication is not required when
    41                           ;        this file is used in an embedded application.
    42                           ; 
    43                           ;     3. Microchip's name may not be used to endorse or promote products derived from th
      +                          is
    44                           ;        software without specific prior written permission.
    45                           ; 
    46                           ; THIS SOFTWARE IS PROVIDED BY MICROCHIP "AS IS" AND ANY EXPRESS OR IMPLIED WARRANTIES,
    47                           ; INCLUDING, BUT NOT LIMITED TO, THE IMPLIED WARRANTIES OF MERCHANTABILITY AND FITNESS F
      +                          OR
    48                           ; PURPOSE ARE DISCLAIMED.  IN NO EVENT SHALL MICROCHIP BE LIABLE FOR ANY DIRECT, INDIREC
      +                          T,
    49                           ; INCIDENTAL, SPECIAL, EXEMPLARY, OR CONSEQUENTIAL DAMAGES (INCLUDING BUT NOT LIMITED TO
    50                           ; PROCUREMENT OF SUBSTITUTE GOODS OR SERVICES; LOSS OF USE, DATA OR PROFITS; OR BUSINESS
    51                           ; INTERRUPTION) HOWSOEVER CAUSED AND ON ANY THEORY OF LIABILITY, WHETHER IN CONTRACT, ST
      +                          RICT
    52                           ; LIABILITY, OR TORT (INCLUDING NEGLIGENCE OR OTHERWISE) ARISING IN ANY WAY OUT OF THE U
      +                          SE OF
    53                           ; THIS SOFTWARE, EVEN IF ADVISED OF THE POSSIBILITY OF SUCH DAMAGE.
    54                           ; 
    55                           ; 
    56                           ; Code-generator required, PIC18F27Q43 Definitions
    57                           ; 
    58                           ; SFR Addresses
    59  0000                     
    60                           	psect	eeprom_data
    61  380000  3F 06 9B 8F A6 AD BD 07 	db	63,6,155,143,166,173,189,7	;# 
    62  380008  BF AF B7 BC BC 39 B9 B1 	db	191,175,183,188,188,57,185,177	;# 
    63  0000                     
    64                           	psect	idataCOMRAM
    65  01FDD5                     __pidataCOMRAM:
    66                           	callstack 0
    67                           
    68                           ;initializer for SegmentDecoderIntialize@F15932
    69  01FDD5  3F06               	dw	16134
    70  01FDD7  5B4F               	dw	23375
    71  01FDD9  666D               	dw	26221
    72  01FDDB  7D07               	dw	32007
    73  01FDDD  7F6F               	dw	32623
    74  01FDDF  777C               	dw	30588
    75  01FDE1  395E               	dw	14686
    76  01FDE3  7971               	dw	31089
    77  01FDE5  0000               	dw	0
    78                           
    79                           ;initializer for UserAppRun@u8Time3
    80  01FDE7  90                 	db	144
    81                           
    82                           ;initializer for UserAppRun@u8Time2
    83  01FDE8  95                 	db	149
    84                           
    85                           ;initializer for UserAppRun@u8Time1
    86  01FDE9  4D                 	db	77
    87  0000                     _NVMADR	set	67
    88  0000                     _NVMLOCK	set	66
    89  0000                     _OSCSTATbits	set	178
    90  0000                     _OSCENbits	set	179
    91  0000                     _OSCCON3bits	set	175
    92  0000                     _NVMDATL	set	70
    93  0000                     _NVMCON0bits	set	64
    94  0000                     _NVMCON1bits	set	65
    95  0000                     _TMR0L	set	792
    96  0000                     _TMR0H	set	793
    97  0000                     _T0CON0	set	794
    98  0000                     _T0CON1	set	795
    99  0000                     _ANSELB	set	1032
   100  0000                     _ANSELA	set	1024
   101  0000                     _INTCON0bits	set	1238
   102  0000                     _PIR3	set	1201
   103  0000                     _LATB	set	1215
   104  0000                     _TRISB	set	1223
   105  0000                     _LATA	set	1214
   106  0000                     _TRISA	set	1222
   107                           
   108                           ; #config settings
   109                           
   110                           	psect	cinit
   111  01FE6E                     __pcinit:
   112                           	callstack 0
   113  01FE6E                     start_initialization:
   114                           	callstack 0
   115  01FE6E                     __initialization:
   116                           	callstack 0
   117                           
   118                           ; Initialize objects allocated to COMRAM (21 bytes)
   119                           ; load TBLPTR registers with __pidataCOMRAM
   120  01FE6E  0ED5               	movlw	low __pidataCOMRAM
   121  01FE70  6EF6               	movwf	tblptrl,c
   122  01FE72  0EFD               	movlw	high __pidataCOMRAM
   123  01FE74  6EF7               	movwf	tblptrh,c
   124  01FE76  0E01               	movlw	low (__pidataCOMRAM shr (0+16))
   125  01FE78  6EF8               	movwf	tblptru,c
   126  01FE7A  EE01  F101         	lfsr	0,__pdataCOMRAM
   127  01FE7E  EE10 F015          	lfsr	1,21
   128  01FE82                     copy_data0:
   129  01FE82  0009               	tblrd		*+
   130  01FE84  C4F5 F4EE          	movff	tablat,postinc0
   131  01FE88  50E5               	movf	postdec1,w,c
   132  01FE8A  50E1               	movf	fsr1l,w,c
   133  01FE8C  E1FA               	bnz	copy_data0
   134                           
   135                           ; Clear objects allocated to COMRAM (13 bytes)
   136  01FE8E  EE01  F116         	lfsr	0,__pbssCOMRAM
   137  01FE92  0E0D               	movlw	13
   138  01FE94                     clear_0:
   139  01FE94  6AEE               	clrf	postinc0,c
   140  01FE96  06E8               	decf	wreg,f,c
   141  01FE98  E1FD               	bnz	clear_0
   142  01FE9A                     end_of_initialization:
   143                           	callstack 0
   144  01FE9A                     __end_of__initialization:
   145                           	callstack 0
   146  01FE9A  0100               	movlb	0
   147  01FE9C  EF50  F0FF         	goto	_main	;jump to C main() function
   148                           
   149                           	psect	bssCOMRAM
   150  000516                     __pbssCOMRAM:
   151                           	callstack 0
   152  000516                     _G_u32SystemFlags:
   153                           	callstack 0
   154  000516                     	ds	4
   155  00051A                     _G_u32SystemTime1s:
   156                           	callstack 0
   157  00051A                     	ds	4
   158  00051E                     _G_u32SystemTime1ms:
   159                           	callstack 0
   160  00051E                     	ds	4
   161  000522                     _G_u8UserAppFlags:
   162                           	callstack 0
   163  000522                     	ds	1
   164                           
   165                           	psect	dataCOMRAM
   166  000501                     __pdataCOMRAM:
   167                           	callstack 0
   168  000501                     SegmentDecoderIntialize@F15932:
   169                           	callstack 0
   170  000501                     	ds	18
   171  000513                     UserAppRun@u8Time3:
   172                           	callstack 0
   173  000513                     	ds	1
   174  000514                     UserAppRun@u8Time2:
   175                           	callstack 0
   176  000514                     	ds	1
   177  000515                     UserAppRun@u8Time1:
   178                           	callstack 0
   179  000515                     	ds	1
   180                           
   181                           	psect	cstackCOMRAM
   182  000523                     __pcstackCOMRAM:
   183                           	callstack 0
   184  000523                     TimeXus@u16TimerTime:
   185                           	callstack 0
   186                           
   187                           ; 2 bytes @ 0x0
   188  000523                     	ds	2
   189  000525                     ??_TimeXus:
   190                           
   191                           ; 1 bytes @ 0x2
   192  000525                     	ds	2
   193  000527                     main@u8BCDecode:
   194                           	callstack 0
   195                           
   196                           ; 1 bytes @ 0x4
   197  000527                     	ds	1
   198  000528                     main@u8DigitCounter:
   199                           	callstack 0
   200                           
   201                           ; 1 bytes @ 0x5
   202  000528                     	ds	1
   203                           
   204 ;;
   205 ;;Main: autosize = 0, tempsize = 0, incstack = 0, save=0
   206 ;;
   207 ;; *************** function _main *****************
   208 ;; Defined at:
   209 ;;		line 44 in file "main.c"
   210 ;; Parameters:    Size  Location     Type
   211 ;;		None
   212 ;; Auto vars:     Size  Location     Type
   213 ;;  u8DigitCount    1    5[COMRAM] unsigned char 
   214 ;;  u8BCDecode      1    4[COMRAM] unsigned char 
   215 ;; Return value:  Size  Location     Type
   216 ;;                  1    wreg      void 
   217 ;; Registers used:
   218 ;;		wreg, status,2, status,0, cstack
   219 ;; Tracked objects:
   220 ;;		On entry : 0/0
   221 ;;		On exit  : 0/0
   222 ;;		Unchanged: 0/0
   223 ;; Data sizes:     COMRAM   BANK5   BANK6   BANK7   BANK8   BANK9  BANK10  BANK11  BANK12  BANK13  BANK14  BANK15  BANK1
      +6  BANK17  BANK18  BANK19  BANK20  BANK21  BANK22  BANK23  BANK24  BANK25  BANK26  BANK27  BANK28  BANK29  BANK30  BANK3
      +1  BANK32  BANK33  BANK34  BANK35  BANK36  BANK37
   224 ;;      Params:         0       0       0       0       0       0       0       0       0       0       0       0       
      +0       0       0       0       0       0       0       0       0       0       0       0       0       0       0       
      +0       0       0       0       0       0       0
   225 ;;      Locals:         2       0       0       0       0       0       0       0       0       0       0       0       
      +0       0       0       0       0       0       0       0       0       0       0       0       0       0       0       
      +0       0       0       0       0       0       0
   226 ;;      Temps:          0       0       0       0       0       0       0       0       0       0       0       0       
      +0       0       0       0       0       0       0       0       0       0       0       0       0       0       0       
      +0       0       0       0       0       0       0
   227 ;;      Totals:         2       0       0       0       0       0       0       0       0       0       0       0       
      +0       0       0       0       0       0       0       0       0       0       0       0       0       0       0       
      +0       0       0       0       0       0       0
   228 ;;Total ram usage:        2 bytes
   229 ;; Hardware stack levels required when called:    1
   230 ;; This function calls:
   231 ;;		_ClockSetup
   232 ;;		_GpioSetup
   233 ;;		_SysTickSetup
   234 ;;		_SystemSleep
   235 ;;		_TimeXus
   236 ;;		_UserAppInitialize
   237 ;;		_UserAppRun
   238 ;; This function is called by:
   239 ;;		Startup code after reset
   240 ;; This function uses a non-reentrant model
   241 ;;
   242                           
   243                           	psect	text0
   244  01FEA0                     __ptext0:
   245                           	callstack 0
   246  01FEA0                     _main:
   247                           	callstack 127
   248  01FEA0                     
   249                           ;main.c: 46:   G_u32SystemFlags |= (u32)0x80000000;
   250  01FEA0  8E19               	bsf	(_G_u32SystemFlags+3)^(0+1280),7,c	;volatile
   251  01FEA2                     
   252                           ;main.c: 49:   ClockSetup();
   253  01FEA2  ECE8  F0FE         	call	_ClockSetup	;wreg free
   254  01FEA6                     
   255                           ;main.c: 50:   SysTickSetup();
   256  01FEA6  EC03  F0FF         	call	_SysTickSetup	;wreg free
   257  01FEAA                     
   258                           ;main.c: 51:   GpioSetup();
   259  01FEAA  ECF5  F0FE         	call	_GpioSetup	;wreg free
   260  01FEAE                     
   261                           ;main.c: 57:   UserAppInitialize();
   262  01FEAE  EC25  F0FF         	call	_UserAppInitialize	;wreg free
   263  01FEB2                     l992:
   264                           
   265                           ;main.c: 63:   {;main.c: 67:     UserAppRun();
   266  01FEB2  EC9D  F0FF         	call	_UserAppRun	;wreg free
   267  01FEB6                     
   268                           ;main.c: 73:     SystemSleep();
   269  01FEB6  ECE9  F0FE         	call	_SystemSleep	;wreg free
   270  01FEBA                     
   271                           ;main.c: 74:     TimeXus(1);
   272  01FEBA  0E00               	movlw	0
   273  01FEBC  6E24               	movwf	(TimeXus@u16TimerTime+1)^(0+1280),c
   274  01FEBE  0E01               	movlw	1
   275  01FEC0  6E23               	movwf	TimeXus@u16TimerTime^(0+1280),c
   276  01FEC2  EC14  F0FF         	call	_TimeXus	;wreg free
   277  01FEC6                     
   278                           ;main.c: 76:     u8 u8DigitCounter = 1;
   279  01FEC6  0E01               	movlw	1
   280  01FEC8  6E28               	movwf	main@u8DigitCounter^(0+1280),c
   281  01FECA                     
   282                           ;main.c: 77:     NVMADR = 0x380005;
   283  01FECA  0E05               	movlw	5
   284  01FECC  0100               	movlb	0	; () banked
   285  01FECE  6F43               	movwf	67,b	;volatile
   286  01FED0  0E00               	movlw	0
   287  01FED2  6F44               	movwf	68,b	;volatile
   288  01FED4  0E38               	movlw	56
   289  01FED6  6F45               	movwf	69,b	;volatile
   290  01FED8                     
   291                           ; BSR set to: 0
   292                           ;main.c: 78:     NVMCON1bits.CMD = 0x00;
   293  01FED8  0EF8               	movlw	-8
   294  01FEDA  1741               	andwf	65,f,b	;volsfr
   295  01FEDC                     
   296                           ; BSR set to: 0
   297                           ;main.c: 79:     NVMCON0bits.GO = 1;
   298  01FEDC  8140               	bsf	64,0,b	;volatile
   299  01FEDE                     l68:
   300                           
   301                           ; BSR set to: 0
   302  01FEDE  B140               	btfsc	64,0,b	;volatile
   303  01FEE0  EF74  F0FF         	goto	u191
   304  01FEE4  EF76  F0FF         	goto	u190
   305  01FEE8                     u191:
   306  01FEE8  EF6F  F0FF         	goto	l68
   307  01FEEC                     u190:
   308  01FEEC                     
   309                           ; BSR set to: 0
   310                           ;main.c: 81:     u8 u8BCDecode = NVMDATL;
   311  01FEEC  0060 F118  F527    	movff	70,main@u8BCDecode	;volatile
   312  01FEF2                     
   313                           ; BSR set to: 0
   314                           ;main.c: 82:     LATA = (LATA & 0x40) + u8BCDecode;
   315  01FEF2  50BE               	movf	190,w,c	;volatile
   316  01FEF4  0B40               	andlw	64
   317  01FEF6  2427               	addwf	main@u8BCDecode^(0+1280),w,c
   318  01FEF8  6EBE               	movwf	190,c	;volatile
   319                           
   320                           ;main.c: 84:     while ( (PIR3 & 0x80) == 0x00)
   321  01FEFA  EF92  F0FF         	goto	l1016
   322  01FEFE                     l1008:
   323                           
   324                           ;main.c: 85:     {;main.c: 86:         if(u8DigitCounter == 5)
   325  01FEFE  0E05               	movlw	5
   326  01FF00  1828               	xorwf	main@u8DigitCounter^(0+1280),w,c
   327  01FF02  A4D8               	btfss	status,2,c
   328  01FF04  EF86  F0FF         	goto	u201
   329  01FF08  EF88  F0FF         	goto	u200
   330  01FF0C                     u201:
   331  01FF0C  EF8E  F0FF         	goto	l1012
   332  01FF10                     u200:
   333  01FF10                     
   334                           ;main.c: 87:         {;main.c: 88:             u8DigitCounter = 1;
   335  01FF10  0E01               	movlw	1
   336  01FF12  6E28               	movwf	main@u8DigitCounter^(0+1280),c
   337                           
   338                           ;main.c: 89:             LATB = 0x01;
   339  01FF14  0E01               	movlw	1
   340  01FF16  6EBF               	movwf	191,c	;volatile
   341                           
   342                           ;main.c: 90:         }
   343  01FF18  EF92  F0FF         	goto	l1016
   344  01FF1C                     l1012:
   345                           
   346                           ;main.c: 92:         {;main.c: 93:             LATB = LATB << 1;
   347  01FF1C  50BF               	movf	191,w,c	;volatile
   348  01FF1E  24BF               	addwf	191,w,c	;volatile
   349  01FF20  6EBF               	movwf	191,c	;volatile
   350  01FF22                     
   351                           ;main.c: 94:             u8DigitCounter++;
   352  01FF22  2A28               	incf	main@u8DigitCounter^(0+1280),f,c
   353  01FF24                     l1016:
   354                           
   355                           ;main.c: 84:     while ( (PIR3 & 0x80) == 0x00)
   356  01FF24  AEB1               	btfss	177,7,c	;volatile
   357  01FF26  EF97  F0FF         	goto	u211
   358  01FF2A  EF99  F0FF         	goto	u210
   359  01FF2E                     u211:
   360  01FF2E  EF7F  F0FF         	goto	l1008
   361  01FF32                     u210:
   362  01FF32  EF59  F0FF         	goto	l992
   363  01FF36  EFFE  F0FF         	goto	start
   364  01FF3A                     __end_of_main:
   365                           	callstack 0
   366                           
   367 ;; *************** function _UserAppRun *****************
   368 ;; Defined at:
   369 ;;		line 111 in file "user_app.c"
   370 ;; Parameters:    Size  Location     Type
   371 ;;		None
   372 ;; Auto vars:     Size  Location     Type
   373 ;;		None
   374 ;; Return value:  Size  Location     Type
   375 ;;                  1    wreg      void 
   376 ;; Registers used:
   377 ;;		wreg, status,2, status,0
   378 ;; Tracked objects:
   379 ;;		On entry : 0/0
   380 ;;		On exit  : 0/0
   381 ;;		Unchanged: 0/0
   382 ;; Data sizes:     COMRAM   BANK5   BANK6   BANK7   BANK8   BANK9  BANK10  BANK11  BANK12  BANK13  BANK14  BANK15  BANK1
      +6  BANK17  BANK18  BANK19  BANK20  BANK21  BANK22  BANK23  BANK24  BANK25  BANK26  BANK27  BANK28  BANK29  BANK30  BANK3
      +1  BANK32  BANK33  BANK34  BANK35  BANK36  BANK37
   383 ;;      Params:         0       0       0       0       0       0       0       0       0       0       0       0       
      +0       0       0       0       0       0       0       0       0       0       0       0       0       0       0       
      +0       0       0       0       0       0       0
   384 ;;      Locals:         0       0       0       0       0       0       0       0       0       0       0       0       
      +0       0       0       0       0       0       0       0       0       0       0       0       0       0       0       
      +0       0       0       0       0       0       0
   385 ;;      Temps:          0       0       0       0       0       0       0       0       0       0       0       0       
      +0       0       0       0       0       0       0       0       0       0       0       0       0       0       0       
      +0       0       0       0       0       0       0
   386 ;;      Totals:         0       0       0       0       0       0       0       0       0       0       0       0       
      +0       0       0       0       0       0       0       0       0       0       0       0       0       0       0       
      +0       0       0       0       0       0       0
   387 ;;Total ram usage:        0 bytes
   388 ;; Hardware stack levels used:    1
   389 ;; This function calls:
   390 ;;		Nothing
   391 ;; This function is called by:
   392 ;;		_main
   393 ;; This function uses a non-reentrant model
   394 ;;
   395                           
   396                           	psect	text1
   397  01FF3A                     __ptext1:
   398                           	callstack 0
   399  01FF3A                     _UserAppRun:
   400                           	callstack 127
   401  01FF3A                     
   402                           ;user_app.c: 121:     static u8 u8Time1 = 0b01001101;;user_app.c: 122:     static u8 u8T
      +                          ime2 = 0b10010101;;user_app.c: 123:     static u8 u8Time3 = 0b10010000;;user_app.c: 126:
      +                               if(u8Time3 == 0x90)
   403  01FF3A  0E90               	movlw	144
   404  01FF3C  1813               	xorwf	UserAppRun@u8Time3^(0+1280),w,c
   405  01FF3E  A4D8               	btfss	status,2,c
   406  01FF40  EFA4  F0FF         	goto	u21
   407  01FF44  EFA6  F0FF         	goto	u20
   408  01FF48                     u21:
   409  01FF48  EFF9  F0FF         	goto	l882
   410  01FF4C                     u20:
   411  01FF4C                     
   412                           ;user_app.c: 127:     {;user_app.c: 128:         if((u8Time2 & 0x0F) == 0x05)
   413  01FF4C  5014               	movf	UserAppRun@u8Time2^(0+1280),w,c
   414  01FF4E  0B0F               	andlw	15
   415  01FF50  0A05               	xorlw	5
   416  01FF52  A4D8               	btfss	status,2,c
   417  01FF54  EFAE  F0FF         	goto	u31
   418  01FF58  EFB0  F0FF         	goto	u30
   419  01FF5C                     u31:
   420  01FF5C  EFF4  F0FF         	goto	l878
   421  01FF60                     u30:
   422  01FF60                     
   423                           ;user_app.c: 129:         {;user_app.c: 130:             if(u8Time2 == 0x95)
   424  01FF60  0E95               	movlw	149
   425  01FF62  1814               	xorwf	UserAppRun@u8Time2^(0+1280),w,c
   426  01FF64  A4D8               	btfss	status,2,c
   427  01FF66  EFB7  F0FF         	goto	u41
   428  01FF6A  EFB9  F0FF         	goto	u40
   429  01FF6E                     u41:
   430  01FF6E  EFEE  F0FF         	goto	l876
   431  01FF72                     u40:
   432  01FF72                     
   433                           ;user_app.c: 131:             {;user_app.c: 132:                 if((u8Time1 & 0x07) == 
      +                          0b00000101 )
   434  01FF72  5015               	movf	UserAppRun@u8Time1^(0+1280),w,c
   435  01FF74  0B07               	andlw	7
   436  01FF76  0A05               	xorlw	5
   437  01FF78  A4D8               	btfss	status,2,c
   438  01FF7A  EFC1  F0FF         	goto	u51
   439  01FF7E  EFC3  F0FF         	goto	u50
   440  01FF82                     u51:
   441  01FF82  EFE9  F0FF         	goto	l872
   442  01FF86                     u50:
   443  01FF86                     
   444                           ;user_app.c: 133:                 {;user_app.c: 134:                     if(u8Time1 > 0x
      +                          80)
   445  01FF86  0E80               	movlw	128
   446  01FF88  6415               	cpfsgt	UserAppRun@u8Time1^(0+1280),c
   447  01FF8A  EFC9  F0FF         	goto	u61
   448  01FF8E  EFCB  F0FF         	goto	u60
   449  01FF92                     u61:
   450  01FF92  EFDC  F0FF         	goto	l866
   451  01FF96                     u60:
   452  01FF96                     
   453                           ;user_app.c: 135:                     {;user_app.c: 136:                         if(u8Ti
      +                          me1 == 0b11001101)
   454  01FF96  0ECD               	movlw	205
   455  01FF98  1815               	xorwf	UserAppRun@u8Time1^(0+1280),w,c
   456  01FF9A  A4D8               	btfss	status,2,c
   457  01FF9C  EFD2  F0FF         	goto	u71
   458  01FFA0  EFD4  F0FF         	goto	u70
   459  01FFA4                     u71:
   460  01FFA4  EFD8  F0FF         	goto	l864
   461  01FFA8                     u70:
   462  01FFA8                     
   463                           ;user_app.c: 137:                         {;user_app.c: 138:                            
      +                           u8Time1 = 0b00001000;
   464  01FFA8  0E08               	movlw	8
   465  01FFAA  6E15               	movwf	UserAppRun@u8Time1^(0+1280),c
   466                           
   467                           ;user_app.c: 139:                         }
   468  01FFAC  EFEA  F0FF         	goto	l874
   469  01FFB0                     l864:
   470                           
   471                           ;user_app.c: 141:                         {;user_app.c: 142:                            
      +                           u8Time1 += 0x08;
   472  01FFB0  0E08               	movlw	8
   473  01FFB2  2615               	addwf	UserAppRun@u8Time1^(0+1280),f,c
   474  01FFB4  EFEA  F0FF         	goto	l874
   475  01FFB8                     l866:
   476                           
   477                           ;user_app.c: 146:                     {;user_app.c: 147:                         if(u8Ti
      +                          me1 == 0x4D)
   478  01FFB8  0E4D               	movlw	77
   479  01FFBA  1815               	xorwf	UserAppRun@u8Time1^(0+1280),w,c
   480  01FFBC  A4D8               	btfss	status,2,c
   481  01FFBE  EFE3  F0FF         	goto	u81
   482  01FFC2  EFE5  F0FF         	goto	u80
   483  01FFC6                     u81:
   484  01FFC6  EFD8  F0FF         	goto	l864
   485  01FFCA                     u80:
   486  01FFCA                     
   487                           ;user_app.c: 148:                         {;user_app.c: 149:                            
      +                           u8Time1 = 0x80;
   488  01FFCA  0E80               	movlw	128
   489  01FFCC  6E15               	movwf	UserAppRun@u8Time1^(0+1280),c
   490                           
   491                           ;user_app.c: 150:                         }
   492  01FFCE  EFEA  F0FF         	goto	l874
   493  01FFD2                     l872:
   494                           
   495                           ;user_app.c: 158:                 {;user_app.c: 159:                     u8Time1 += 0x01
      +                          ;
   496  01FFD2  2A15               	incf	UserAppRun@u8Time1^(0+1280),f,c
   497  01FFD4                     l874:
   498                           
   499                           ;user_app.c: 161:                 u8Time2 = 0x00;
   500  01FFD4  0E00               	movlw	0
   501  01FFD6  6E14               	movwf	UserAppRun@u8Time2^(0+1280),c
   502                           
   503                           ;user_app.c: 162:             }
   504  01FFD8  EFF5  F0FF         	goto	l880
   505  01FFDC                     l876:
   506                           
   507                           ;user_app.c: 164:             {;user_app.c: 165:                 u8Time2 = (u8Time2 & 0x
      +                          F0) + 0x10;
   508  01FFDC  5014               	movf	UserAppRun@u8Time2^(0+1280),w,c
   509  01FFDE  0BF0               	andlw	240
   510  01FFE0  0F10               	addlw	16
   511  01FFE2  6E14               	movwf	UserAppRun@u8Time2^(0+1280),c
   512  01FFE4  EFF5  F0FF         	goto	l880
   513  01FFE8                     l878:
   514                           
   515                           ;user_app.c: 169:         {;user_app.c: 170:             u8Time2 += 0x01;
   516  01FFE8  2A14               	incf	UserAppRun@u8Time2^(0+1280),f,c
   517  01FFEA                     l880:
   518                           
   519                           ;user_app.c: 172:         u8Time3 = 0x00;
   520  01FFEA  0E00               	movlw	0
   521  01FFEC  6E13               	movwf	UserAppRun@u8Time3^(0+1280),c
   522                           
   523                           ;user_app.c: 173:     }
   524  01FFEE  EFFB  F0FF         	goto	l136
   525  01FFF2                     l882:
   526                           
   527                           ;user_app.c: 175:     {;user_app.c: 176:         u8Time3 += 0x10;
   528  01FFF2  0E10               	movlw	16
   529  01FFF4  2613               	addwf	UserAppRun@u8Time3^(0+1280),f,c
   530  01FFF6                     l136:
   531                           
   532                           ;user_app.c: 179:     LATA ^=0x40;
   533  01FFF6  0E40               	movlw	64
   534  01FFF8  1ABE               	xorwf	190,f,c	;volatile
   535  01FFFA  0012               	return		;funcret
   536  01FFFC                     __end_of_UserAppRun:
   537                           	callstack 0
   538                           
   539 ;; *************** function _UserAppInitialize *****************
   540 ;; Defined at:
   541 ;;		line 77 in file "user_app.c"
   542 ;; Parameters:    Size  Location     Type
   543 ;;		None
   544 ;; Auto vars:     Size  Location     Type
   545 ;;		None
   546 ;; Return value:  Size  Location     Type
   547 ;;                  1    wreg      void 
   548 ;; Registers used:
   549 ;;		wreg, status,2
   550 ;; Tracked objects:
   551 ;;		On entry : 0/0
   552 ;;		On exit  : 0/0
   553 ;;		Unchanged: 0/0
   554 ;; Data sizes:     COMRAM   BANK5   BANK6   BANK7   BANK8   BANK9  BANK10  BANK11  BANK12  BANK13  BANK14  BANK15  BANK1
      +6  BANK17  BANK18  BANK19  BANK20  BANK21  BANK22  BANK23  BANK24  BANK25  BANK26  BANK27  BANK28  BANK29  BANK30  BANK3
      +1  BANK32  BANK33  BANK34  BANK35  BANK36  BANK37
   555 ;;      Params:         0       0       0       0       0       0       0       0       0       0       0       0       
      +0       0       0       0       0       0       0       0       0       0       0       0       0       0       0       
      +0       0       0       0       0       0       0
   556 ;;      Locals:         0       0       0       0       0       0       0       0       0       0       0       0       
      +0       0       0       0       0       0       0       0       0       0       0       0       0       0       0       
      +0       0       0       0       0       0       0
   557 ;;      Temps:          0       0       0       0       0       0       0       0       0       0       0       0       
      +0       0       0       0       0       0       0       0       0       0       0       0       0       0       0       
      +0       0       0       0       0       0       0
   558 ;;      Totals:         0       0       0       0       0       0       0       0       0       0       0       0       
      +0       0       0       0       0       0       0       0       0       0       0       0       0       0       0       
      +0       0       0       0       0       0       0
   559 ;;Total ram usage:        0 bytes
   560 ;; Hardware stack levels used:    1
   561 ;; This function calls:
   562 ;;		Nothing
   563 ;; This function is called by:
   564 ;;		_main
   565 ;; This function uses a non-reentrant model
   566 ;;
   567                           
   568                           	psect	text2
   569  01FE4A                     __ptext2:
   570                           	callstack 0
   571  01FE4A                     _UserAppInitialize:
   572                           	callstack 127
   573  01FE4A                     
   574                           ;user_app.c: 80:     OSCCON3bits.SOSCPWR = 0;
   575  01FE4A  0100               	movlb	0	; () banked
   576  01FE4C  9DAF               	bcf	175,6,b	;volatile
   577                           
   578                           ;user_app.c: 81:     OSCENbits.SOSCEN = 1;
   579  01FE4E  87B3               	bsf	179,3,b	;volatile
   580  01FE50                     l111:
   581                           
   582                           ; BSR set to: 0
   583                           ;user_app.c: 84:     while(OSCSTATbits.SOR != 1)
   584  01FE50  A7B2               	btfss	178,3,b	;volatile
   585  01FE52  EF2D  F0FF         	goto	u11
   586  01FE56  EF2F  F0FF         	goto	u10
   587  01FE5A                     u11:
   588  01FE5A  EF28  F0FF         	goto	l111
   589  01FE5E                     u10:
   590  01FE5E                     
   591                           ; BSR set to: 0
   592                           ;user_app.c: 89:     LATA = 0x80;
   593  01FE5E  0E80               	movlw	128
   594  01FE60  6EBE               	movwf	190,c	;volatile
   595                           
   596                           ;user_app.c: 91:     T0CON1 = 0b11011101;
   597  01FE62  0EDD               	movlw	221
   598  01FE64  0103               	movlb	3	; () banked
   599  01FE66  6F1B               	movwf	27,b	;volatile
   600                           
   601                           ;user_app.c: 92:     T0CON0 = 0b11000000;
   602  01FE68  0EC0               	movlw	192
   603  01FE6A  6F1A               	movwf	26,b	;volatile
   604  01FE6C                     
   605                           ; BSR set to: 3
   606  01FE6C  0012               	return		;funcret
   607  01FE6E                     __end_of_UserAppInitialize:
   608                           	callstack 0
   609                           
   610 ;; *************** function _TimeXus *****************
   611 ;; Defined at:
   612 ;;		line 198 in file "user_app.c"
   613 ;; Parameters:    Size  Location     Type
   614 ;;  u16TimerTime    2    0[COMRAM] unsigned short 
   615 ;; Auto vars:     Size  Location     Type
   616 ;;		None
   617 ;; Return value:  Size  Location     Type
   618 ;;                  1    wreg      void 
   619 ;; Registers used:
   620 ;;		wreg, status,2, status,0
   621 ;; Tracked objects:
   622 ;;		On entry : 0/0
   623 ;;		On exit  : 0/0
   624 ;;		Unchanged: 0/0
   625 ;; Data sizes:     COMRAM   BANK5   BANK6   BANK7   BANK8   BANK9  BANK10  BANK11  BANK12  BANK13  BANK14  BANK15  BANK1
      +6  BANK17  BANK18  BANK19  BANK20  BANK21  BANK22  BANK23  BANK24  BANK25  BANK26  BANK27  BANK28  BANK29  BANK30  BANK3
      +1  BANK32  BANK33  BANK34  BANK35  BANK36  BANK37
   626 ;;      Params:         2       0       0       0       0       0       0       0       0       0       0       0       
      +0       0       0       0       0       0       0       0       0       0       0       0       0       0       0       
      +0       0       0       0       0       0       0
   627 ;;      Locals:         0       0       0       0       0       0       0       0       0       0       0       0       
      +0       0       0       0       0       0       0       0       0       0       0       0       0       0       0       
      +0       0       0       0       0       0       0
   628 ;;      Temps:          2       0       0       0       0       0       0       0       0       0       0       0       
      +0       0       0       0       0       0       0       0       0       0       0       0       0       0       0       
      +0       0       0       0       0       0       0
   629 ;;      Totals:         4       0       0       0       0       0       0       0       0       0       0       0       
      +0       0       0       0       0       0       0       0       0       0       0       0       0       0       0       
      +0       0       0       0       0       0       0
   630 ;;Total ram usage:        4 bytes
   631 ;; Hardware stack levels used:    1
   632 ;; This function calls:
   633 ;;		Nothing
   634 ;; This function is called by:
   635 ;;		_main
   636 ;; This function uses a non-reentrant model
   637 ;;
   638                           
   639                           	psect	text3
   640  01FE28                     __ptext3:
   641                           	callstack 0
   642  01FE28                     _TimeXus:
   643                           	callstack 127
   644  01FE28                     
   645                           ;user_app.c: 198: void TimeXus(u16 u16TimerTime);user_app.c: 199: {;user_app.c: 200:    
      +                           T0CON0 &= 0x7F;
   646  01FE28  0103               	movlb	3	; () banked
   647  01FE2A  9F1A               	bcf	26,7,b	;volatile
   648  01FE2C                     
   649                           ; BSR set to: 3
   650                           ;user_app.c: 202:     TMR0H = (0xFFFF - u16TimerTime) >> 8;
   651  01FE2C  1C23               	comf	TimeXus@u16TimerTime^(0+1280),w,c
   652  01FE2E  6E25               	movwf	??_TimeXus^(0+1280),c
   653  01FE30  1C24               	comf	(TimeXus@u16TimerTime+1)^(0+1280),w,c
   654  01FE32  6E26               	movwf	(??_TimeXus+1)^(0+1280),c
   655  01FE34  C526  F525         	movff	??_TimeXus+1,??_TimeXus
   656  01FE38  6A26               	clrf	(??_TimeXus+1)^(0+1280),c
   657  01FE3A  5025               	movf	??_TimeXus^(0+1280),w,c
   658  01FE3C  6F19               	movwf	25,b	;volatile
   659  01FE3E                     
   660                           ; BSR set to: 3
   661                           ;user_app.c: 206:     TMR0L = (0xFFFF - u16TimerTime) & 0x00FF;
   662  01FE3E  5023               	movf	TimeXus@u16TimerTime^(0+1280),w,c
   663  01FE40  0AFF               	xorlw	255
   664  01FE42  6F18               	movwf	24,b	;volatile
   665                           
   666                           ;user_app.c: 209:     PIR3 &= 0x7F;
   667  01FE44  9EB1               	bcf	177,7,c	;volatile
   668                           
   669                           ;user_app.c: 210:     T0CON0 |= 0x80;
   670  01FE46  8F1A               	bsf	26,7,b	;volatile
   671  01FE48                     
   672                           ; BSR set to: 3
   673  01FE48  0012               	return		;funcret
   674  01FE4A                     __end_of_TimeXus:
   675                           	callstack 0
   676                           
   677 ;; *************** function _SystemSleep *****************
   678 ;; Defined at:
   679 ;;		line 135 in file "encm369_pic18.c"
   680 ;; Parameters:    Size  Location     Type
   681 ;;		None
   682 ;; Auto vars:     Size  Location     Type
   683 ;;		None
   684 ;; Return value:  Size  Location     Type
   685 ;;                  1    wreg      void 
   686 ;; Registers used:
   687 ;;		None
   688 ;; Tracked objects:
   689 ;;		On entry : 0/0
   690 ;;		On exit  : 0/0
   691 ;;		Unchanged: 0/0
   692 ;; Data sizes:     COMRAM   BANK5   BANK6   BANK7   BANK8   BANK9  BANK10  BANK11  BANK12  BANK13  BANK14  BANK15  BANK1
      +6  BANK17  BANK18  BANK19  BANK20  BANK21  BANK22  BANK23  BANK24  BANK25  BANK26  BANK27  BANK28  BANK29  BANK30  BANK3
      +1  BANK32  BANK33  BANK34  BANK35  BANK36  BANK37
   693 ;;      Params:         0       0       0       0       0       0       0       0       0       0       0       0       
      +0       0       0       0       0       0       0       0       0       0       0       0       0       0       0       
      +0       0       0       0       0       0       0
   694 ;;      Locals:         0       0       0       0       0       0       0       0       0       0       0       0       
      +0       0       0       0       0       0       0       0       0       0       0       0       0       0       0       
      +0       0       0       0       0       0       0
   695 ;;      Temps:          0       0       0       0       0       0       0       0       0       0       0       0       
      +0       0       0       0       0       0       0       0       0       0       0       0       0       0       0       
      +0       0       0       0       0       0       0
   696 ;;      Totals:         0       0       0       0       0       0       0       0       0       0       0       0       
      +0       0       0       0       0       0       0       0       0       0       0       0       0       0       0       
      +0       0       0       0       0       0       0
   697 ;;Total ram usage:        0 bytes
   698 ;; Hardware stack levels used:    1
   699 ;; This function calls:
   700 ;;		Nothing
   701 ;; This function is called by:
   702 ;;		_main
   703 ;; This function uses a non-reentrant model
   704 ;;
   705                           
   706                           	psect	text4
   707  01FDD2                     __ptext4:
   708                           	callstack 0
   709  01FDD2                     _SystemSleep:
   710                           	callstack 127
   711  01FDD2  0012               	return		;funcret
   712  01FDD4                     __end_of_SystemSleep:
   713                           	callstack 0
   714                           
   715 ;; *************** function _SysTickSetup *****************
   716 ;; Defined at:
   717 ;;		line 113 in file "encm369_pic18.c"
   718 ;; Parameters:    Size  Location     Type
   719 ;;		None
   720 ;; Auto vars:     Size  Location     Type
   721 ;;		None
   722 ;; Return value:  Size  Location     Type
   723 ;;                  1    wreg      void 
   724 ;; Registers used:
   725 ;;		wreg, status,2
   726 ;; Tracked objects:
   727 ;;		On entry : 0/0
   728 ;;		On exit  : 0/0
   729 ;;		Unchanged: 0/0
   730 ;; Data sizes:     COMRAM   BANK5   BANK6   BANK7   BANK8   BANK9  BANK10  BANK11  BANK12  BANK13  BANK14  BANK15  BANK1
      +6  BANK17  BANK18  BANK19  BANK20  BANK21  BANK22  BANK23  BANK24  BANK25  BANK26  BANK27  BANK28  BANK29  BANK30  BANK3
      +1  BANK32  BANK33  BANK34  BANK35  BANK36  BANK37
   731 ;;      Params:         0       0       0       0       0       0       0       0       0       0       0       0       
      +0       0       0       0       0       0       0       0       0       0       0       0       0       0       0       
      +0       0       0       0       0       0       0
   732 ;;      Locals:         0       0       0       0       0       0       0       0       0       0       0       0       
      +0       0       0       0       0       0       0       0       0       0       0       0       0       0       0       
      +0       0       0       0       0       0       0
   733 ;;      Temps:          0       0       0       0       0       0       0       0       0       0       0       0       
      +0       0       0       0       0       0       0       0       0       0       0       0       0       0       0       
      +0       0       0       0       0       0       0
   734 ;;      Totals:         0       0       0       0       0       0       0       0       0       0       0       0       
      +0       0       0       0       0       0       0       0       0       0       0       0       0       0       0       
      +0       0       0       0       0       0       0
   735 ;;Total ram usage:        0 bytes
   736 ;; Hardware stack levels used:    1
   737 ;; This function calls:
   738 ;;		Nothing
   739 ;; This function is called by:
   740 ;;		_main
   741 ;; This function uses a non-reentrant model
   742 ;;
   743                           
   744                           	psect	text5
   745  01FE06                     __ptext5:
   746                           	callstack 0
   747  01FE06                     _SysTickSetup:
   748                           	callstack 127
   749  01FE06                     
   750                           ;encm369_pic18.c: 115:   G_u32SystemTime1ms = 0;
   751  01FE06  0E00               	movlw	0
   752  01FE08  6E1E               	movwf	_G_u32SystemTime1ms^(0+1280),c	;volatile
   753  01FE0A  0E00               	movlw	0
   754  01FE0C  6E1F               	movwf	(_G_u32SystemTime1ms+1)^(0+1280),c	;volatile
   755  01FE0E  0E00               	movlw	0
   756  01FE10  6E20               	movwf	(_G_u32SystemTime1ms+2)^(0+1280),c	;volatile
   757  01FE12  0E00               	movlw	0
   758  01FE14  6E21               	movwf	(_G_u32SystemTime1ms+3)^(0+1280),c	;volatile
   759                           
   760                           ;encm369_pic18.c: 116:   G_u32SystemTime1s = 0;
   761  01FE16  0E00               	movlw	0
   762  01FE18  6E1A               	movwf	_G_u32SystemTime1s^(0+1280),c	;volatile
   763  01FE1A  0E00               	movlw	0
   764  01FE1C  6E1B               	movwf	(_G_u32SystemTime1s+1)^(0+1280),c	;volatile
   765  01FE1E  0E00               	movlw	0
   766  01FE20  6E1C               	movwf	(_G_u32SystemTime1s+2)^(0+1280),c	;volatile
   767  01FE22  0E00               	movlw	0
   768  01FE24  6E1D               	movwf	(_G_u32SystemTime1s+3)^(0+1280),c	;volatile
   769  01FE26  0012               	return		;funcret
   770  01FE28                     __end_of_SysTickSetup:
   771                           	callstack 0
   772                           
   773 ;; *************** function _GpioSetup *****************
   774 ;; Defined at:
   775 ;;		line 89 in file "encm369_pic18.c"
   776 ;; Parameters:    Size  Location     Type
   777 ;;		None
   778 ;; Auto vars:     Size  Location     Type
   779 ;;		None
   780 ;; Return value:  Size  Location     Type
   781 ;;                  1    wreg      void 
   782 ;; Registers used:
   783 ;;		wreg, status,2
   784 ;; Tracked objects:
   785 ;;		On entry : 0/0
   786 ;;		On exit  : 0/0
   787 ;;		Unchanged: 0/0
   788 ;; Data sizes:     COMRAM   BANK5   BANK6   BANK7   BANK8   BANK9  BANK10  BANK11  BANK12  BANK13  BANK14  BANK15  BANK1
      +6  BANK17  BANK18  BANK19  BANK20  BANK21  BANK22  BANK23  BANK24  BANK25  BANK26  BANK27  BANK28  BANK29  BANK30  BANK3
      +1  BANK32  BANK33  BANK34  BANK35  BANK36  BANK37
   789 ;;      Params:         0       0       0       0       0       0       0       0       0       0       0       0       
      +0       0       0       0       0       0       0       0       0       0       0       0       0       0       0       
      +0       0       0       0       0       0       0
   790 ;;      Locals:         0       0       0       0       0       0       0       0       0       0       0       0       
      +0       0       0       0       0       0       0       0       0       0       0       0       0       0       0       
      +0       0       0       0       0       0       0
   791 ;;      Temps:          0       0       0       0       0       0       0       0       0       0       0       0       
      +0       0       0       0       0       0       0       0       0       0       0       0       0       0       0       
      +0       0       0       0       0       0       0
   792 ;;      Totals:         0       0       0       0       0       0       0       0       0       0       0       0       
      +0       0       0       0       0       0       0       0       0       0       0       0       0       0       0       
      +0       0       0       0       0       0       0
   793 ;;Total ram usage:        0 bytes
   794 ;; Hardware stack levels used:    1
   795 ;; This function calls:
   796 ;;		Nothing
   797 ;; This function is called by:
   798 ;;		_main
   799 ;; This function uses a non-reentrant model
   800 ;;
   801                           
   802                           	psect	text6
   803  01FDEA                     __ptext6:
   804                           	callstack 0
   805  01FDEA                     _GpioSetup:
   806                           	callstack 127
   807  01FDEA                     
   808                           ;encm369_pic18.c: 91:     ANSELA = 0x00;
   809  01FDEA  0E00               	movlw	0
   810  01FDEC  0104               	movlb	4	; () banked
   811  01FDEE  6F00               	movwf	0,b	;volatile
   812                           
   813                           ;encm369_pic18.c: 92:     TRISA = 0x00;
   814  01FDF0  0E00               	movlw	0
   815  01FDF2  6EC6               	movwf	198,c	;volatile
   816                           
   817                           ;encm369_pic18.c: 93:     LATA = 0x00;
   818  01FDF4  0E00               	movlw	0
   819  01FDF6  6EBE               	movwf	190,c	;volatile
   820                           
   821                           ;encm369_pic18.c: 95:     ANSELB = 0x00;
   822  01FDF8  0E00               	movlw	0
   823  01FDFA  6F08               	movwf	8,b	;volatile
   824                           
   825                           ;encm369_pic18.c: 96:     TRISB = 0x00;
   826  01FDFC  0E00               	movlw	0
   827  01FDFE  6EC7               	movwf	199,c	;volatile
   828                           
   829                           ;encm369_pic18.c: 97:     LATB = 0x00;
   830  01FE00  0E00               	movlw	0
   831  01FE02  6EBF               	movwf	191,c	;volatile
   832  01FE04                     
   833                           ; BSR set to: 4
   834  01FE04  0012               	return		;funcret
   835  01FE06                     __end_of_GpioSetup:
   836                           	callstack 0
   837                           
   838 ;; *************** function _ClockSetup *****************
   839 ;; Defined at:
   840 ;;		line 69 in file "encm369_pic18.c"
   841 ;; Parameters:    Size  Location     Type
   842 ;;		None
   843 ;; Auto vars:     Size  Location     Type
   844 ;;		None
   845 ;; Return value:  Size  Location     Type
   846 ;;                  1    wreg      void 
   847 ;; Registers used:
   848 ;;		None
   849 ;; Tracked objects:
   850 ;;		On entry : 0/0
   851 ;;		On exit  : 0/0
   852 ;;		Unchanged: 0/0
   853 ;; Data sizes:     COMRAM   BANK5   BANK6   BANK7   BANK8   BANK9  BANK10  BANK11  BANK12  BANK13  BANK14  BANK15  BANK1
      +6  BANK17  BANK18  BANK19  BANK20  BANK21  BANK22  BANK23  BANK24  BANK25  BANK26  BANK27  BANK28  BANK29  BANK30  BANK3
      +1  BANK32  BANK33  BANK34  BANK35  BANK36  BANK37
   854 ;;      Params:         0       0       0       0       0       0       0       0       0       0       0       0       
      +0       0       0       0       0       0       0       0       0       0       0       0       0       0       0       
      +0       0       0       0       0       0       0
   855 ;;      Locals:         0       0       0       0       0       0       0       0       0       0       0       0       
      +0       0       0       0       0       0       0       0       0       0       0       0       0       0       0       
      +0       0       0       0       0       0       0
   856 ;;      Temps:          0       0       0       0       0       0       0       0       0       0       0       0       
      +0       0       0       0       0       0       0       0       0       0       0       0       0       0       0       
      +0       0       0       0       0       0       0
   857 ;;      Totals:         0       0       0       0       0       0       0       0       0       0       0       0       
      +0       0       0       0       0       0       0       0       0       0       0       0       0       0       0       
      +0       0       0       0       0       0       0
   858 ;;Total ram usage:        0 bytes
   859 ;; Hardware stack levels used:    1
   860 ;; This function calls:
   861 ;;		Nothing
   862 ;; This function is called by:
   863 ;;		_main
   864 ;; This function uses a non-reentrant model
   865 ;;
   866                           
   867                           	psect	text7
   868  01FDD0                     __ptext7:
   869                           	callstack 0
   870  01FDD0                     _ClockSetup:
   871                           	callstack 127
   872  01FDD0  0012               	return		;funcret
   873  01FDD2                     __end_of_ClockSetup:
   874                           	callstack 0
   875  0000                     
   876                           	psect	rparam
   877  0000                     
   878                           	psect	idloc
   879                           
   880                           ;Config register IDLOC0 @ 0x200000
   881                           ;	unspecified, using default values
   882  200000                     	org	2097152
   883  200000  0FFF               	dw	4095
   884                           
   885                           ;Config register IDLOC1 @ 0x200002
   886                           ;	unspecified, using default values
   887  200002                     	org	2097154
   888  200002  0FFF               	dw	4095
   889                           
   890                           ;Config register IDLOC2 @ 0x200004
   891                           ;	unspecified, using default values
   892  200004                     	org	2097156
   893  200004  0FFF               	dw	4095
   894                           
   895                           ;Config register IDLOC3 @ 0x200006
   896                           ;	unspecified, using default values
   897  200006                     	org	2097158
   898  200006  0FFF               	dw	4095
   899                           
   900                           ;Config register IDLOC4 @ 0x200008
   901                           ;	unspecified, using default values
   902  200008                     	org	2097160
   903  200008  0FFF               	dw	4095
   904                           
   905                           ;Config register IDLOC5 @ 0x20000A
   906                           ;	unspecified, using default values
   907  20000A                     	org	2097162
   908  20000A  0FFF               	dw	4095
   909                           
   910                           ;Config register IDLOC6 @ 0x20000C
   911                           ;	unspecified, using default values
   912  20000C                     	org	2097164
   913  20000C  0FFF               	dw	4095
   914                           
   915                           ;Config register IDLOC7 @ 0x20000E
   916                           ;	unspecified, using default values
   917  20000E                     	org	2097166
   918  20000E  0FFF               	dw	4095
   919                           
   920                           ;Config register IDLOC8 @ 0x200010
   921                           ;	unspecified, using default values
   922  200010                     	org	2097168
   923  200010  0FFF               	dw	4095
   924                           
   925                           ;Config register IDLOC9 @ 0x200012
   926                           ;	unspecified, using default values
   927  200012                     	org	2097170
   928  200012  0FFF               	dw	4095
   929                           
   930                           ;Config register IDLOC10 @ 0x200014
   931                           ;	unspecified, using default values
   932  200014                     	org	2097172
   933  200014  0FFF               	dw	4095
   934                           
   935                           ;Config register IDLOC11 @ 0x200016
   936                           ;	unspecified, using default values
   937  200016                     	org	2097174
   938  200016  0FFF               	dw	4095
   939                           
   940                           ;Config register IDLOC12 @ 0x200018
   941                           ;	unspecified, using default values
   942  200018                     	org	2097176
   943  200018  0FFF               	dw	4095
   944                           
   945                           ;Config register IDLOC13 @ 0x20001A
   946                           ;	unspecified, using default values
   947  20001A                     	org	2097178
   948  20001A  0FFF               	dw	4095
   949                           
   950                           ;Config register IDLOC14 @ 0x20001C
   951                           ;	unspecified, using default values
   952  20001C                     	org	2097180
   953  20001C  0FFF               	dw	4095
   954                           
   955                           ;Config register IDLOC15 @ 0x20001E
   956                           ;	unspecified, using default values
   957  20001E                     	org	2097182
   958  20001E  0FFF               	dw	4095
   959                           
   960                           	psect	config
   961                           
   962                           ;Config register CONFIG1 @ 0x300000
   963                           ;	External Oscillator Selection
   964                           ;	FEXTOSC = OFF, Oscillator not enabled
   965                           ;	Reset Oscillator Selection
   966                           ;	RSTOSC = HFINTOSC_64MHZ, HFINTOSC with HFFRQ = 64 MHz and CDIV = 1:1
   967  300000                     	org	3145728
   968  300000  8C                 	db	140
   969                           
   970                           ;Config register CONFIG2 @ 0x300001
   971                           ;	Clock out Enable bit
   972                           ;	CLKOUTEN = ON, CLKOUT function is enabled
   973                           ;	PRLOCKED One-Way Set Enable bit
   974                           ;	PR1WAY = ON, PRLOCKED bit can be cleared and set only once
   975                           ;	Clock Switch Enable bit
   976                           ;	CSWEN = ON, Writing to NOSC and NDIV is allowed
   977                           ;	Fail-Safe Clock Monitor Enable bit
   978                           ;	FCMEN = ON, Fail-Safe Clock Monitor enabled
   979  300001                     	org	3145729
   980  300001  FE                 	db	254
   981                           
   982                           ;Config register CONFIG3 @ 0x300002
   983                           ;	MCLR Enable bit
   984                           ;	MCLRE = EXTMCLR, If LVP = 0, MCLR pin is MCLR; If LVP = 1, RE3 pin function is MCLR
   985                           ;	Power-up timer selection bits
   986                           ;	PWRTS = PWRT_OFF, PWRT is disabled
   987                           ;	Multi-vector enable bit
   988                           ;	MVECEN = ON, Multi-vector enabled, Vector table used for interrupts
   989                           ;	IVTLOCK bit One-way set enable bit
   990                           ;	IVT1WAY = ON, IVTLOCKED bit can be cleared and set only once
   991                           ;	Low Power BOR Enable bit
   992                           ;	LPBOREN = OFF, Low-Power BOR disabled
   993                           ;	Brown-out Reset Enable bits
   994                           ;	BOREN = SBORDIS, Brown-out Reset enabled , SBOREN bit is ignored
   995  300002                     	org	3145730
   996  300002  FF                 	db	255
   997                           
   998                           ;Config register CONFIG4 @ 0x300003
   999                           ;	Brown-out Reset Voltage Selection bits
  1000                           ;	BORV = VBOR_2P85, Brown-out Reset Voltage (VBOR) set to 2.8V
  1001                           ;	ZCD Disable bit
  1002                           ;	ZCD = OFF, ZCD module is disabled. ZCD can be enabled by setting the ZCDSEN bit of ZCD
      +                          CON
  1003                           ;	PPSLOCK bit One-Way Set Enable bit
  1004                           ;	PPS1WAY = ON, PPSLOCKED bit can be cleared and set only once; PPS registers remain loc
      +                          ked after one clear/set cycle
  1005                           ;	Stack Full/Underflow Reset Enable bit
  1006                           ;	STVREN = ON, Stack full/underflow will cause Reset
  1007                           ;	Low Voltage Programming Enable bit
  1008                           ;	LVP = ON, Low voltage programming enabled. MCLR/VPP pin function is MCLR. MCLRE config
      +                          uration bit is ignored
  1009                           ;	Extended Instruction Set Enable bit
  1010                           ;	XINST = OFF, Extended Instruction Set and Indexed Addressing Mode disabled
  1011  300003                     	org	3145731
  1012  300003  FC                 	db	252
  1013                           
  1014                           ;Config register CONFIG5 @ 0x300004
  1015                           ;	WDT Period selection bits
  1016                           ;	WDTCPS = WDTCPS_31, Divider ratio 1:65536; software control of WDTPS
  1017                           ;	WDT operating mode
  1018                           ;	WDTE = OFF, WDT Disabled; SWDTEN is ignored
  1019  300004                     	org	3145732
  1020  300004  9F                 	db	159
  1021                           
  1022                           ;Config register CONFIG6 @ 0x300005
  1023                           ;	WDT Window Select bits
  1024                           ;	WDTCWS = WDTCWS_7, window always open (100%); software control; keyed access not requi
      +                          red
  1025                           ;	WDT input clock selector
  1026                           ;	WDTCCS = SC, Software Control
  1027  300005                     	org	3145733
  1028  300005  FF                 	db	255
  1029                           
  1030                           ;Config register CONFIG7 @ 0x300006
  1031                           ;	Boot Block Size selection bits
  1032                           ;	BBSIZE = BBSIZE_512, Boot Block size is 512 words
  1033                           ;	Boot Block enable bit
  1034                           ;	BBEN = OFF, Boot block disabled
  1035                           ;	Storage Area Flash enable bit
  1036                           ;	SAFEN = OFF, SAF disabled
  1037                           ;	Background Debugger
  1038                           ;	DEBUG = OFF, Background Debugger disabled
  1039  300006                     	org	3145734
  1040  300006  FF                 	db	255
  1041                           
  1042                           ;Config register CONFIG8 @ 0x300007
  1043                           ;	Boot Block Write Protection bit
  1044                           ;	WRTB = OFF, Boot Block not Write protected
  1045                           ;	Configuration Register Write Protection bit
  1046                           ;	WRTC = OFF, Configuration registers not Write protected
  1047                           ;	Data EEPROM Write Protection bit
  1048                           ;	WRTD = OFF, Data EEPROM not Write protected
  1049                           ;	SAF Write protection bit
  1050                           ;	WRTSAF = OFF, SAF not Write Protected
  1051                           ;	Application Block write protection bit
  1052                           ;	WRTAPP = OFF, Application Block not write protected
  1053  300007                     	org	3145735
  1054  300007  FF                 	db	255
  1055                           
  1056                           ; Padding undefined space
  1057  300008                     	org	3145736
  1058  300008  FF                 	db	255
  1059                           
  1060                           ;Config register CONFIG10 @ 0x300009
  1061                           ;	PFM and Data EEPROM Code Protection bit
  1062                           ;	CP = OFF, PFM and Data EEPROM code protection disabled
  1063  300009                     	org	3145737
  1064  300009  FF                 	db	255
  1065                           tosu	equ	0x4FF
  1066                           tosh	equ	0x4FE
  1067                           tosl	equ	0x4FD
  1068                           stkptr	equ	0x4FC
  1069                           pclatu	equ	0x4FB
  1070                           pclath	equ	0x4FA
  1071                           pcl	equ	0x4F9
  1072                           tblptru	equ	0x4F8
  1073                           tblptrh	equ	0x4F7
  1074                           tblptrl	equ	0x4F6
  1075                           tablat	equ	0x4F5
  1076                           prodh	equ	0x4F4
  1077                           prodl	equ	0x4F3
  1078                           indf0	equ	0x4EF
  1079                           postinc0	equ	0x4EE
  1080                           postdec0	equ	0x4ED
  1081                           preinc0	equ	0x4EC
  1082                           plusw0	equ	0x4EB
  1083                           fsr0h	equ	0x4EA
  1084                           fsr0l	equ	0x4E9
  1085                           wreg	equ	0x4E8
  1086                           indf1	equ	0x4E7
  1087                           postinc1	equ	0x4E6
  1088                           postdec1	equ	0x4E5
  1089                           preinc1	equ	0x4E4
  1090                           plusw1	equ	0x4E3
  1091                           fsr1h	equ	0x4E2
  1092                           fsr1l	equ	0x4E1
  1093                           bsr	equ	0x4E0
  1094                           indf2	equ	0x4DF
  1095                           postinc2	equ	0x4DE
  1096                           postdec2	equ	0x4DD
  1097                           preinc2	equ	0x4DC
  1098                           plusw2	equ	0x4DB
  1099                           fsr2h	equ	0x4DA
  1100                           fsr2l	equ	0x4D9
  1101                           status	equ	0x4D8

Data Sizes:
    Strings     0
    Constant    0
    Data        21
    BSS         13
    Persistent  0
    Stack       0

Auto Spaces:
    Space          Size  Autos    Used
    COMRAM           95      6      40
    BANK5           160      0       0
    BANK6           256      0       0
    BANK7           256      0       0
    BANK8           256      0       0
    BANK9           256      0       0
    BANK10          256      0       0
    BANK11          256      0       0
    BANK12          256      0       0
    BANK13          256      0       0
    BANK14          256      0       0
    BANK15          256      0       0
    BANK16          256      0       0
    BANK17          256      0       0
    BANK18          256      0       0
    BANK19          256      0       0
    BANK20          256      0       0
    BANK21          256      0       0
    BANK22          256      0       0
    BANK23          256      0       0
    BANK24          256      0       0
    BANK25          256      0       0
    BANK26          256      0       0
    BANK27          256      0       0
    BANK28          256      0       0
    BANK29          256      0       0
    BANK30          256      0       0
    BANK31          256      0       0
    BANK32          256      0       0
    BANK33          256      0       0
    BANK34          256      0       0
    BANK35          256      0       0
    BANK36          256      0       0
    BANK37          256      0       0

Pointer List with Targets:

    None.

Critical Paths under _main in COMRAM

    _main->_TimeXus

Critical Paths under _main in BANK5

    None.

Critical Paths under _main in BANK6

    None.

Critical Paths under _main in BANK7

    None.

Critical Paths under _main in BANK8

    None.

Critical Paths under _main in BANK9

    None.

Critical Paths under _main in BANK10

    None.

Critical Paths under _main in BANK11

    None.

Critical Paths under _main in BANK12

    None.

Critical Paths under _main in BANK13

    None.

Critical Paths under _main in BANK14

    None.

Critical Paths under _main in BANK15

    None.

Critical Paths under _main in BANK16

    None.

Critical Paths under _main in BANK17

    None.

Critical Paths under _main in BANK18

    None.

Critical Paths under _main in BANK19

    None.

Critical Paths under _main in BANK20

    None.

Critical Paths under _main in BANK21

    None.

Critical Paths under _main in BANK22

    None.

Critical Paths under _main in BANK23

    None.

Critical Paths under _main in BANK24

    None.

Critical Paths under _main in BANK25

    None.

Critical Paths under _main in BANK26

    None.

Critical Paths under _main in BANK27

    None.

Critical Paths under _main in BANK28

    None.

Critical Paths under _main in BANK29

    None.

Critical Paths under _main in BANK30

    None.

Critical Paths under _main in BANK31

    None.

Critical Paths under _main in BANK32

    None.

Critical Paths under _main in BANK33

    None.

Critical Paths under _main in BANK34

    None.

Critical Paths under _main in BANK35

    None.

Critical Paths under _main in BANK36

    None.

Critical Paths under _main in BANK37

    None.

Call Graph Tables:

 ---------------------------------------------------------------------------------
 (Depth) Function   	        Calls       Base Space   Used Autos Params    Refs
 ---------------------------------------------------------------------------------
 (0) _main                                                 2     2      0     168
                                              4 COMRAM     2     2      0
                         _ClockSetup
                          _GpioSetup
                       _SysTickSetup
                        _SystemSleep
                            _TimeXus
                  _UserAppInitialize
                         _UserAppRun
 ---------------------------------------------------------------------------------
 (1) _UserAppRun                                           0     0      0       0
 ---------------------------------------------------------------------------------
 (1) _UserAppInitialize                                    0     0      0       0
 ---------------------------------------------------------------------------------
 (1) _TimeXus                                              4     2      2     120
                                              0 COMRAM     4     2      2
 ---------------------------------------------------------------------------------
 (1) _SystemSleep                                          0     0      0       0
 ---------------------------------------------------------------------------------
 (1) _SysTickSetup                                         0     0      0       0
 ---------------------------------------------------------------------------------
 (1) _GpioSetup                                            0     0      0       0
 ---------------------------------------------------------------------------------
 (1) _ClockSetup                                           0     0      0       0
 ---------------------------------------------------------------------------------
 Estimated maximum stack depth 1
 ---------------------------------------------------------------------------------

 Call Graph Graphs:

 _main (ROOT)
   _ClockSetup
   _GpioSetup
   _SysTickSetup
   _SystemSleep
   _TimeXus
   _UserAppInitialize
   _UserAppRun

 Address spaces:
Name               Size   Autos  Total    Cost      Usage
BIGRAM            20FF      0       0      71        0.0%
EEDATA             400      0       0       0        0.0%
BITBANK37          100      0       0      70        0.0%
BANK37             100      0       0      68        0.0%
BITBANK36          100      0       0      66        0.0%
BANK36             100      0       0      67        0.0%
BITBANK35          100      0       0      64        0.0%
BANK35             100      0       0      65        0.0%
BITBANK34          100      0       0      62        0.0%
BANK34             100      0       0      63        0.0%
BITBANK33          100      0       0      60        0.0%
BANK33             100      0       0      61        0.0%
BITBANK32          100      0       0      58        0.0%
BANK32             100      0       0      59        0.0%
BITBANK31          100      0       0      56        0.0%
BANK31             100      0       0      57        0.0%
BITBANK30          100      0       0      54        0.0%
BANK30             100      0       0      55        0.0%
BITBANK29          100      0       0      52        0.0%
BANK29             100      0       0      53        0.0%
BITBANK28          100      0       0      50        0.0%
BANK28             100      0       0      51        0.0%
BITBANK27          100      0       0      48        0.0%
BANK27             100      0       0      49        0.0%
BITBANK26          100      0       0      46        0.0%
BANK26             100      0       0      47        0.0%
BITBANK25          100      0       0      44        0.0%
BANK25             100      0       0      45        0.0%
BITBANK24          100      0       0      42        0.0%
BANK24             100      0       0      43        0.0%
BITBANK23          100      0       0      40        0.0%
BANK23             100      0       0      41        0.0%
BITBANK22          100      0       0      38        0.0%
BANK22             100      0       0      39        0.0%
BITBANK21          100      0       0      36        0.0%
BANK21             100      0       0      37        0.0%
BITBANK20          100      0       0      34        0.0%
BANK20             100      0       0      35        0.0%
BITBANK19          100      0       0      32        0.0%
BANK19             100      0       0      33        0.0%
BITBANK18          100      0       0      30        0.0%
BANK18             100      0       0      31        0.0%
BITBANK17          100      0       0      28        0.0%
BANK17             100      0       0      29        0.0%
BITBANK16          100      0       0      26        0.0%
BANK16             100      0       0      27        0.0%
BITBANK15          100      0       0      24        0.0%
BANK15             100      0       0      25        0.0%
BITBANK14          100      0       0      22        0.0%
BANK14             100      0       0      23        0.0%
BITBANK13          100      0       0      20        0.0%
BANK13             100      0       0      21        0.0%
BITBANK12          100      0       0      18        0.0%
BANK12             100      0       0      19        0.0%
BITBANK11          100      0       0      16        0.0%
BANK11             100      0       0      17        0.0%
BITBANK10          100      0       0      14        0.0%
BANK10             100      0       0      15        0.0%
BITBANK9           100      0       0      12        0.0%
BANK9              100      0       0      13        0.0%
BITBANK8           100      0       0      10        0.0%
BANK8              100      0       0      11        0.0%
BITBANK7           100      0       0       8        0.0%
BANK7              100      0       0       9        0.0%
BITBANK6           100      0       0       6        0.0%
BANK6              100      0       0       7        0.0%
BITBANK5            A0      0       0       4        0.0%
BANK5               A0      0       0       5        0.0%
BITCOMRAM           5F      0       0       0        0.0%
COMRAM              5F      6      28       1       42.1%
BITSFR_5             0      0       0     200        0.0%
SFR_5                0      0       0     200        0.0%
BITSFR_4             0      0       0     200        0.0%
SFR_4                0      0       0     200        0.0%
BITSFR_3             0      0       0     200        0.0%
SFR_3                0      0       0     200        0.0%
BITSFR_2             0      0       0     200        0.0%
SFR_2                0      0       0     200        0.0%
BITSFR_1             0      0       0     200        0.0%
SFR_1                0      0       0     200        0.0%
BITSFR               0      0       0     200        0.0%
SFR                  0      0       0     200        0.0%
STACK                0      0       0       2        0.0%
NULL                 0      0       0       0        0.0%
ABS                  0      0      28      69        0.0%
DATA                 0      0      28       3        0.0%
CODE                 0      0       0       0        0.0%


Microchip Technology PIC18 Macro Assembler V2.31 build 20201012212115 
Symbol Table                                                                                   Fri Mar 12 17:32:47 2021

        __size_of_SysTickSetup 0022                             l22 FE04                             l25 FE26  
                           l19 FDD0                             l28 FDD2                             l70 FEEC  
                           l68 FEDE                             u10 FE5E                             u11 FE5A  
                           u20 FF4C                             u21 FF48                             u30 FF60  
                           u31 FF5C                             u40 FF72                             u41 FF6E  
                           u50 FF86                             u51 FF82                             u60 FF96  
                           u61 FF92                             u70 FFA8                             u71 FFA4  
                           u80 FFCA                             u81 FFC6                            l111 FE50  
                          l114 FE6C                            l140 FE48                            l136 FFF6  
                          l137 FFFA                            l842 FDEA                            l850 FF3A  
                          l860 FF96                            l852 FF4C                            l846 FE4A  
                          l862 FFA8                            l854 FF60                            l848 FE5E  
                          l880 FFEA                            l864 FFB0                            l872 FFD2  
                          l856 FF72                            l874 FFD4                            l866 FFB8  
                          l858 FF86                            l882 FFF2                            l980 FE3E  
                          l868 FFCA                            l876 FFDC                            l974 FE06  
                          l878 FFE8                            l990 FEAE                            l982 FEA0  
                          l976 FE28                            l992 FEB2                            l984 FEA2  
                          l978 FE2C                            l994 FEB6                            l986 FEA6  
                          l996 FEBA                            l988 FEAA                            l998 FEC6  
                          u200 FF10                            u201 FF0C                            u210 FF32  
                          u211 FF2E                            u190 FEEC                            u191 FEE8  
                          wreg 0004E8                           l1000 FECA                           l1010 FF10  
                         l1002 FED8                           l1012 FF1C                           l1004 FEDC  
                         l1014 FF22                           l1006 FEF2                           l1008 FEFE  
                         l1016 FF24                           _LATA 0004BE                           _LATB 0004BF  
                         _PIR3 0004B1                           _main FEA0                   _SysTickSetup FE06  
                         fsr1l 0004E1                           start FFFC           __size_of_SystemSleep 0002  
                 ___param_bank 000000                     _ClockSetup FDD0                __end_of_TimeXus FE4A  
                        ?_main 0523                          _TMR0H 000319                          _TMR0L 000318  
                        _TRISA 0004C6                          _TRISB 0004C7                 main@u8BCDecode 0527  
                        tablat 0004F5                          status 0004D8                __initialization FE6E  
                 __end_of_main FF3A                         ??_main 0527                  __activetblptr 000000  
                       _ANSELA 000400                         _ANSELB 000408                         _T0CON0 00031A  
                       _T0CON1 00031B             __size_of_GpioSetup 001C                         _NVMADR 000043  
                    ??_TimeXus 0525                    ?_ClockSetup 0523                         clear_0 FE94  
                 __pdataCOMRAM 0501                         tblptrh 0004F7                         tblptrl 0004F6  
                       tblptru 0004F8                     _UserAppRun FF3A                     __accesstop 0560  
      __end_of__initialization FE9A                  ___rparam_used 000001               _G_u8UserAppFlags 0522  
               __pcstackCOMRAM 0523              __end_of_GpioSetup FE06            __size_of_ClockSetup 0002  
                      _NVMDATL 000046                        _NVMLOCK 000042                    ?_UserAppRun 0523  
                ??_SystemSleep 0523                        __Hparam 0000                        __Lparam 0000  
                      _TimeXus FE28                        __pcinit FE6E                        __ramtop 2600  
                      __ptext0 FEA0                        __ptext1 FF3A                        __ptext2 FE4A  
                      __ptext3 FE28                        __ptext4 FDD2                        __ptext5 FE06  
                      __ptext6 FDEA                        __ptext7 FDD0           end_of_initialization FE9A  
                    _OSCENbits 0000B3               _G_u32SystemFlags 0516                        postdec1 0004E5  
                      postinc0 0004EE            __end_of_SystemSleep FDD4                   ??_ClockSetup 0523  
          __size_of_UserAppRun 00C2             __end_of_ClockSetup FDD2                  __pidataCOMRAM FDD5  
                    _GpioSetup FDEA            start_initialization FE6E                  ?_SysTickSetup 0523  
                  _SystemSleep FDD2                     ?_GpioSetup 0523                    __pbssCOMRAM 0516  
            _UserAppInitialize FE4A                   ??_UserAppRun 0523             ?_UserAppInitialize 0523  
               ??_SysTickSetup 0523             main@u8DigitCounter 0528            ??_UserAppInitialize 0523  
                     ?_TimeXus 0523             __end_of_UserAppRun FFFC      __end_of_UserAppInitialize FE6E  
            UserAppRun@u8Time1 0515              UserAppRun@u8Time2 0514              UserAppRun@u8Time3 0513  
                  ??_GpioSetup 0523                    _INTCON0bits 0004D6                      copy_data0 FE82  
                     __Hrparam 0000                       __Lrparam 0000  SegmentDecoderIntialize@F15932 0501  
             __size_of_TimeXus 0022           __end_of_SysTickSetup FE28     __size_of_UserAppInitialize 0024  
                  _OSCCON3bits 0000AF                  __size_of_main 009A                   ?_SystemSleep 0523  
                  _OSCSTATbits 0000B2                    _NVMCON0bits 000040             _G_u32SystemTime1ms 051E  
                  _NVMCON1bits 000041            TimeXus@u16TimerTime 0523              _G_u32SystemTime1s 051A  
