

Microchip MPLAB XC8 Assembler V2.31 build 20201012212115 
                                                                                               Thu Mar 18 10:25:01 2021

Microchip MPLAB XC8 C Compiler v2.31 (Free license) build 20201012212115 Og1 
     1                           	processor	18F27Q43
     2                           	fnconf	rparam,??,?,0
     3                           	pagewidth 120
     4                           	opt	flic
     5                           	psect	eeprom_data,global,class=EEDATA,delta=1,noexec
     6                           	psect	idataCOMRAM,global,class=CODE,delta=1,noexec
     7                           	psect	cinit,global,reloc=2,class=CODE,delta=1
     8                           	psect	bssCOMRAM,global,class=COMRAM,space=1,delta=1,lowdata,noexec
     9                           	psect	dataCOMRAM,global,class=COMRAM,space=1,delta=1,lowdata,noexec
    10                           	psect	cstackCOMRAM,global,class=COMRAM,space=1,delta=1,lowdata,noexec
    11                           	psect	text0,global,reloc=2,class=CODE,delta=1
    12                           	psect	text1,global,reloc=2,class=CODE,delta=1
    13                           	psect	text2,global,reloc=2,class=CODE,delta=1
    14                           	psect	text3,global,reloc=2,class=CODE,delta=1
    15                           	psect	text4,global,reloc=2,class=CODE,delta=1
    16                           	psect	text5,global,reloc=2,class=CODE,delta=1
    17                           	psect	text6,global,reloc=2,class=CODE,delta=1
    18                           	psect	text7,global,reloc=2,class=CODE,delta=1
    19                           	psect	intsave_regs,global,class=BIGRAM,space=1,delta=1,noexec
    20                           	psect	rparam,global,class=COMRAM,space=1,delta=1,noexec
    21                           	psect	idloc,global,abs,ovrld,class=IDLOC,space=5,delta=1,noexec
    22                           	psect	config,global,abs,ovrld,class=CONFIG,space=4,delta=1,noexec
    23  0000                     
    24                           ; Version 2.30
    25                           ; Generated 20/08/2020 GMT
    26                           ; 
    27                           ; Copyright © 2020, Microchip Technology Inc. and its subsidiaries ("Microchip")
    28                           ; All rights reserved.
    29                           ; 
    30                           ; This software is developed by Microchip Technology Inc. and its subsidiaries ("Microch
      +                          ip").
    31                           ; 
    32                           ; Redistribution and use in source and binary forms, with or without modification, are
    33                           ; permitted provided that the following conditions are met:
    34                           ; 
    35                           ;     1. Redistributions of source code must retain the above copyright notice, this lis
      +                          t of
    36                           ;        conditions and the following disclaimer.
    37                           ; 
    38                           ;     2. Redistributions in binary form must reproduce the above copyright notice, this 
      +                          list
    39                           ;        of conditions and the following disclaimer in the documentation and/or other
    40                           ;        materials provided with the distribution. Publication is not required when
    41                           ;        this file is used in an embedded application.
    42                           ; 
    43                           ;     3. Microchip's name may not be used to endorse or promote products derived from th
      +                          is
    44                           ;        software without specific prior written permission.
    45                           ; 
    46                           ; THIS SOFTWARE IS PROVIDED BY MICROCHIP "AS IS" AND ANY EXPRESS OR IMPLIED WARRANTIES,
    47                           ; INCLUDING, BUT NOT LIMITED TO, THE IMPLIED WARRANTIES OF MERCHANTABILITY AND FITNESS F
      +                          OR
    48                           ; PURPOSE ARE DISCLAIMED.  IN NO EVENT SHALL MICROCHIP BE LIABLE FOR ANY DIRECT, INDIREC
      +                          T,
    49                           ; INCIDENTAL, SPECIAL, EXEMPLARY, OR CONSEQUENTIAL DAMAGES (INCLUDING BUT NOT LIMITED TO
    50                           ; PROCUREMENT OF SUBSTITUTE GOODS OR SERVICES; LOSS OF USE, DATA OR PROFITS; OR BUSINESS
    51                           ; INTERRUPTION) HOWSOEVER CAUSED AND ON ANY THEORY OF LIABILITY, WHETHER IN CONTRACT, ST
      +                          RICT
    52                           ; LIABILITY, OR TORT (INCLUDING NEGLIGENCE OR OTHERWISE) ARISING IN ANY WAY OUT OF THE U
      +                          SE OF
    53                           ; THIS SOFTWARE, EVEN IF ADVISED OF THE POSSIBILITY OF SUCH DAMAGE.
    54                           ; 
    55                           ; 
    56                           ; Code-generator required, PIC18F27Q43 Definitions
    57                           ; 
    58                           ; SFR Addresses
    59  0000                     
    60                           	psect	eeprom_data
    61  380000  3F 06 9B 8F A6 AD BD 07 	db	63,6,155,143,166,173,189,7	;# 
    62  380008  BF AF B7 BC BC 39 B9 B1 	db	191,175,183,188,188,57,185,177	;# 
    63  0000                     
    64                           	psect	idataCOMRAM
    65  01FCD6                     __pidataCOMRAM:
    66                           	callstack 0
    67                           
    68                           ;initializer for SegmentDecoderIntialize@F15933
    69  01FCD6  3F06               	dw	16134
    70  01FCD8  5B4F               	dw	23375
    71  01FCDA  666D               	dw	26221
    72  01FCDC  7D07               	dw	32007
    73  01FCDE  7F6F               	dw	32623
    74  01FCE0  777C               	dw	30588
    75  01FCE2  395E               	dw	14686
    76  01FCE4  7971               	dw	31089
    77  01FCE6  0000               	dw	0
    78  0000                     _NVMADR	set	67
    79  0000                     _NVMLOCK	set	66
    80  0000                     _OSCSTATbits	set	178
    81  0000                     _OSCENbits	set	179
    82  0000                     _OSCCON3bits	set	175
    83  0000                     _NVMDATL	set	70
    84  0000                     _NVMCON0bits	set	64
    85  0000                     _NVMCON1bits	set	65
    86  0000                     _TMR0L	set	792
    87  0000                     _TMR0H	set	793
    88  0000                     _T0CON0	set	794
    89  0000                     _T0CON1	set	795
    90  0000                     _ANSELB	set	1032
    91  0000                     _ANSELA	set	1024
    92  0000                     _INTCON0bits	set	1238
    93  0000                     _PIR3	set	1201
    94  0000                     _LATB	set	1215
    95  0000                     _TRISB	set	1223
    96  0000                     _LATA	set	1214
    97  0000                     _TRISA	set	1222
    98                           
    99                           ; #config settings
   100                           
   101                           	psect	cinit
   102  01FD48                     __pcinit:
   103                           	callstack 0
   104  01FD48                     start_initialization:
   105                           	callstack 0
   106  01FD48                     __initialization:
   107                           	callstack 0
   108                           
   109                           ; Initialize objects allocated to COMRAM (18 bytes)
   110                           ; load TBLPTR registers with __pidataCOMRAM
   111  01FD48  0ED6               	movlw	low __pidataCOMRAM
   112  01FD4A  6EF6               	movwf	tblptrl,c
   113  01FD4C  0EFC               	movlw	high __pidataCOMRAM
   114  01FD4E  6EF7               	movwf	tblptrh,c
   115  01FD50  0E01               	movlw	low (__pidataCOMRAM shr (0+16))
   116  01FD52  6EF8               	movwf	tblptru,c
   117  01FD54  EE01  F11B         	lfsr	0,__pdataCOMRAM
   118  01FD58  EE10 F012          	lfsr	1,18
   119  01FD5C                     copy_data0:
   120  01FD5C  0009               	tblrd		*+
   121  01FD5E  C4F5 F4EE          	movff	tablat,postinc0
   122  01FD62  50E5               	movf	postdec1,w,c
   123  01FD64  50E1               	movf	fsr1l,w,c
   124  01FD66  E1FA               	bnz	copy_data0
   125                           
   126                           ; Clear objects allocated to COMRAM (26 bytes)
   127  01FD68  EE01  F101         	lfsr	0,__pbssCOMRAM
   128  01FD6C  0E1A               	movlw	26
   129  01FD6E                     clear_0:
   130  01FD6E  6AEE               	clrf	postinc0,c
   131  01FD70  06E8               	decf	wreg,f,c
   132  01FD72  E1FD               	bnz	clear_0
   133  01FD74                     end_of_initialization:
   134                           	callstack 0
   135  01FD74                     __end_of__initialization:
   136                           	callstack 0
   137  01FD74  0100               	movlb	0
   138  01FD76  EF5B  F0FF         	goto	_main	;jump to C main() function
   139                           
   140                           	psect	bssCOMRAM
   141  000501                     __pbssCOMRAM:
   142                           	callstack 0
   143  000501                     UserAppRun@u32TimeUpdateDelayer:
   144                           	callstack 0
   145  000501                     	ds	4
   146  000505                     _G_u32SystemFlags:
   147                           	callstack 0
   148  000505                     	ds	4
   149  000509                     _G_u32SystemTime1s:
   150                           	callstack 0
   151  000509                     	ds	4
   152  00050D                     _G_u32SystemTime1ms:
   153                           	callstack 0
   154  00050D                     	ds	4
   155  000511                     _u8AlarmTime:
   156                           	callstack 0
   157  000511                     	ds	3
   158  000514                     _u8Time:
   159                           	callstack 0
   160  000514                     	ds	3
   161  000517                     _u8AlarmFlag:
   162                           	callstack 0
   163  000517                     	ds	1
   164  000518                     _G_u8UserAppFlags:
   165                           	callstack 0
   166  000518                     	ds	1
   167  000519                     	ds	1
   168  00051A                     main@u8DigitCounter:
   169                           	callstack 0
   170  00051A                     	ds	1
   171                           
   172                           	psect	dataCOMRAM
   173  00051B                     __pdataCOMRAM:
   174                           	callstack 0
   175  00051B                     SegmentDecoderIntialize@F15933:
   176                           	callstack 0
   177  00051B                     	ds	18
   178                           
   179                           	psect	cstackCOMRAM
   180  00052D                     __pcstackCOMRAM:
   181                           	callstack 0
   182  00052D                     TimeXus@u16TimerTime:
   183                           	callstack 0
   184                           
   185                           ; 2 bytes @ 0x0
   186  00052D                     	ds	2
   187  00052F                     ??_TimeXus:
   188                           
   189                           ; 1 bytes @ 0x2
   190  00052F                     	ds	2
   191  000531                     ??_main:
   192                           
   193                           ; 1 bytes @ 0x4
   194  000531                     	ds	3
   195  000534                     main@u8BCDecode:
   196                           	callstack 0
   197                           
   198                           ; 1 bytes @ 0x7
   199  000534                     	ds	1
   200                           
   201 ;;
   202 ;;Main: autosize = 0, tempsize = 3, incstack = 0, save=0
   203 ;;
   204 ;; *************** function _main *****************
   205 ;; Defined at:
   206 ;;		line 45 in file "main.c"
   207 ;; Parameters:    Size  Location     Type
   208 ;;		None
   209 ;; Auto vars:     Size  Location     Type
   210 ;;  u8BCDecode      1    7[COMRAM] unsigned char 
   211 ;; Return value:  Size  Location     Type
   212 ;;                  1    wreg      void 
   213 ;; Registers used:
   214 ;;		wreg, status,2, status,0, cstack
   215 ;; Tracked objects:
   216 ;;		On entry : 0/0
   217 ;;		On exit  : 0/0
   218 ;;		Unchanged: 0/0
   219 ;; Data sizes:     COMRAM   BANK5   BANK6   BANK7   BANK8   BANK9  BANK10  BANK11  BANK12  BANK13  BANK14  BANK15  BANK1
      +6  BANK17  BANK18  BANK19  BANK20  BANK21  BANK22  BANK23  BANK24  BANK25  BANK26  BANK27  BANK28  BANK29  BANK30  BANK3
      +1  BANK32  BANK33  BANK34  BANK35  BANK36  BANK37
   220 ;;      Params:         0       0       0       0       0       0       0       0       0       0       0       0       
      +0       0       0       0       0       0       0       0       0       0       0       0       0       0       0       
      +0       0       0       0       0       0       0
   221 ;;      Locals:         1       0       0       0       0       0       0       0       0       0       0       0       
      +0       0       0       0       0       0       0       0       0       0       0       0       0       0       0       
      +0       0       0       0       0       0       0
   222 ;;      Temps:          3       0       0       0       0       0       0       0       0       0       0       0       
      +0       0       0       0       0       0       0       0       0       0       0       0       0       0       0       
      +0       0       0       0       0       0       0
   223 ;;      Totals:         4       0       0       0       0       0       0       0       0       0       0       0       
      +0       0       0       0       0       0       0       0       0       0       0       0       0       0       0       
      +0       0       0       0       0       0       0
   224 ;;Total ram usage:        4 bytes
   225 ;; Hardware stack levels required when called:    1
   226 ;; This function calls:
   227 ;;		_ClockSetup
   228 ;;		_GpioSetup
   229 ;;		_SysTickSetup
   230 ;;		_SystemSleep
   231 ;;		_TimeXus
   232 ;;		_UserAppInitialize
   233 ;;		_UserAppRun
   234 ;; This function is called by:
   235 ;;		Startup code after reset
   236 ;; This function uses a non-reentrant model
   237 ;;
   238                           
   239                           	psect	text0
   240  01FEB6                     __ptext0:
   241                           	callstack 0
   242  01FEB6                     _main:
   243                           	callstack 127
   244  01FEB6                     
   245                           ;main.c: 47:     G_u32SystemFlags |= (u32)0x80000000;
   246  01FEB6  8E08               	bsf	(_G_u32SystemFlags+3)^(0+1280),7,c	;volatile
   247  01FEB8                     
   248                           ;main.c: 50:   ClockSetup();
   249  01FEB8  EC69  F0FE         	call	_ClockSetup	;wreg free
   250  01FEBC                     
   251                           ;main.c: 51:   SysTickSetup();
   252  01FEBC  EC82  F0FE         	call	_SysTickSetup	;wreg free
   253  01FEC0                     
   254                           ;main.c: 52:   GpioSetup();
   255  01FEC0  EC74  F0FE         	call	_GpioSetup	;wreg free
   256  01FEC4                     
   257                           ;main.c: 58:   UserAppInitialize();
   258  01FEC4  ECBD  F0FE         	call	_UserAppInitialize	;wreg free
   259  01FEC8                     l1080:
   260                           
   261                           ;main.c: 64:   {;main.c: 68:     UserAppRun();
   262  01FEC8  ECDD  F0FE         	call	_UserAppRun	;wreg free
   263  01FECC                     
   264                           ;main.c: 74:     SystemSleep();
   265  01FECC  EC6A  F0FE         	call	_SystemSleep	;wreg free
   266  01FED0                     
   267                           ;main.c: 75:     TimeXus(1);
   268  01FED0  0E00               	movlw	0
   269  01FED2  6E2E               	movwf	(TimeXus@u16TimerTime+1)^(0+1280),c
   270  01FED4  0E01               	movlw	1
   271  01FED6  6E2D               	movwf	TimeXus@u16TimerTime^(0+1280),c
   272  01FED8  EC93  F0FE         	call	_TimeXus	;wreg free
   273  01FEDC                     l70:
   274  01FEDC  AEB1               	btfss	177,7,c	;volatile
   275  01FEDE  EF73  F0FF         	goto	u311
   276  01FEE2  EF75  F0FF         	goto	u310
   277  01FEE6                     u311:
   278  01FEE6  EF6E  F0FF         	goto	l70
   279  01FEEA                     u310:
   280  01FEEA                     
   281                           ;main.c: 78:     static u8 u8DigitCounter = 0;;main.c: 79:     static u8 u8TimeCounter =
      +                           0;;main.c: 81:     if(u8DigitCounter == 0)
   282  01FEEA  501A               	movf	main@u8DigitCounter^(0+1280),w,c
   283  01FEEC  A4D8               	btfss	status,2,c
   284  01FEEE  EF7B  F0FF         	goto	u321
   285  01FEF2  EF7D  F0FF         	goto	u320
   286  01FEF6                     u321:
   287  01FEF6  EF92  F0FF         	goto	l1094
   288  01FEFA                     u320:
   289  01FEFA                     
   290                           ;main.c: 82:     {;main.c: 83:         NVMADR = 0x380000 + ((u8Time[2] >> 4) & 0x0F);
   291  01FEFA  3816               	swapf	(_u8Time+2)^(0+1280),w,c
   292  01FEFC  0B0F               	andlw	15
   293  01FEFE  0B0F               	andlw	15
   294  01FF00  6E31               	movwf	??_main^(0+1280),c
   295  01FF02  6A32               	clrf	(??_main+1)^(0+1280),c
   296  01FF04  6A33               	clrf	(??_main+2)^(0+1280),c
   297  01FF06  0E00               	movlw	0
   298  01FF08  2431               	addwf	??_main^(0+1280),w,c
   299  01FF0A  0100               	movlb	0	; () banked
   300  01FF0C  6F43               	movwf	67,b	;volatile
   301  01FF0E  0E00               	movlw	0
   302  01FF10  2032               	addwfc	(??_main+1)^(0+1280),w,c
   303  01FF12  6F44               	movwf	68,b	;volatile
   304  01FF14  0E38               	movlw	56
   305  01FF16  2033               	addwfc	(??_main+2)^(0+1280),w,c
   306  01FF18  6F45               	movwf	69,b	;volatile
   307  01FF1A                     
   308                           ; BSR set to: 0
   309                           ;main.c: 84:         LATB = 0x01;
   310  01FF1A  0E01               	movlw	1
   311  01FF1C  6EBF               	movwf	191,c	;volatile
   312  01FF1E                     l1092:
   313                           
   314                           ; BSR set to: 0
   315                           ;main.c: 85:         u8DigitCounter++;
   316  01FF1E  2A1A               	incf	main@u8DigitCounter^(0+1280),f,c
   317                           
   318                           ;main.c: 86:     }
   319  01FF20  EFE8  F0FF         	goto	l1118
   320  01FF24                     l1094:
   321  01FF24  041A               	decf	main@u8DigitCounter^(0+1280),w,c
   322  01FF26  A4D8               	btfss	status,2,c
   323  01FF28  EF98  F0FF         	goto	u331
   324  01FF2C  EF9A  F0FF         	goto	u330
   325  01FF30                     u331:
   326  01FF30  EFAD  F0FF         	goto	l1102
   327  01FF34                     u330:
   328  01FF34                     
   329                           ;main.c: 88:     {;main.c: 89:         NVMADR = 0x380000 + ((u8Time[1] >> 0) & 0x0F);
   330  01FF34  5015               	movf	(_u8Time+1)^(0+1280),w,c
   331  01FF36  0B0F               	andlw	15
   332  01FF38  6E31               	movwf	??_main^(0+1280),c
   333  01FF3A  6A32               	clrf	(??_main+1)^(0+1280),c
   334  01FF3C  6A33               	clrf	(??_main+2)^(0+1280),c
   335  01FF3E  0E00               	movlw	0
   336  01FF40  2431               	addwf	??_main^(0+1280),w,c
   337  01FF42  0100               	movlb	0	; () banked
   338  01FF44  6F43               	movwf	67,b	;volatile
   339  01FF46  0E00               	movlw	0
   340  01FF48  2032               	addwfc	(??_main+1)^(0+1280),w,c
   341  01FF4A  6F44               	movwf	68,b	;volatile
   342  01FF4C  0E38               	movlw	56
   343  01FF4E  2033               	addwfc	(??_main+2)^(0+1280),w,c
   344  01FF50  6F45               	movwf	69,b	;volatile
   345  01FF52                     
   346                           ; BSR set to: 0
   347                           ;main.c: 90:         LATB = 0x02;
   348  01FF52  0E02               	movlw	2
   349  01FF54  6EBF               	movwf	191,c	;volatile
   350  01FF56  EF8F  F0FF         	goto	l1092
   351  01FF5A                     l1102:
   352  01FF5A  0E02               	movlw	2
   353  01FF5C  181A               	xorwf	main@u8DigitCounter^(0+1280),w,c
   354  01FF5E  A4D8               	btfss	status,2,c
   355  01FF60  EFB4  F0FF         	goto	u341
   356  01FF64  EFB6  F0FF         	goto	u340
   357  01FF68                     u341:
   358  01FF68  EFCA  F0FF         	goto	l1110
   359  01FF6C                     u340:
   360  01FF6C                     
   361                           ;main.c: 94:     {;main.c: 95:         NVMADR = 0x380000 + ((u8Time[1] >> 4) & 0x0F);
   362  01FF6C  3815               	swapf	(_u8Time+1)^(0+1280),w,c
   363  01FF6E  0B0F               	andlw	15
   364  01FF70  0B0F               	andlw	15
   365  01FF72  6E31               	movwf	??_main^(0+1280),c
   366  01FF74  6A32               	clrf	(??_main+1)^(0+1280),c
   367  01FF76  6A33               	clrf	(??_main+2)^(0+1280),c
   368  01FF78  0E00               	movlw	0
   369  01FF7A  2431               	addwf	??_main^(0+1280),w,c
   370  01FF7C  0100               	movlb	0	; () banked
   371  01FF7E  6F43               	movwf	67,b	;volatile
   372  01FF80  0E00               	movlw	0
   373  01FF82  2032               	addwfc	(??_main+1)^(0+1280),w,c
   374  01FF84  6F44               	movwf	68,b	;volatile
   375  01FF86  0E38               	movlw	56
   376  01FF88  2033               	addwfc	(??_main+2)^(0+1280),w,c
   377  01FF8A  6F45               	movwf	69,b	;volatile
   378  01FF8C                     
   379                           ; BSR set to: 0
   380                           ;main.c: 96:         LATB = 0x04;
   381  01FF8C  0E04               	movlw	4
   382  01FF8E  6EBF               	movwf	191,c	;volatile
   383  01FF90  EF8F  F0FF         	goto	l1092
   384  01FF94                     l1110:
   385  01FF94  0E03               	movlw	3
   386  01FF96  181A               	xorwf	main@u8DigitCounter^(0+1280),w,c
   387  01FF98  A4D8               	btfss	status,2,c
   388  01FF9A  EFD1  F0FF         	goto	u351
   389  01FF9E  EFD3  F0FF         	goto	u350
   390  01FFA2                     u351:
   391  01FFA2  EFE8  F0FF         	goto	l80
   392  01FFA6                     u350:
   393  01FFA6                     
   394                           ;main.c: 100:     {;main.c: 101:         NVMADR = 0x380000 + ((u8Time[0] >> 0) & 0x07);
   395  01FFA6  5014               	movf	_u8Time^(0+1280),w,c
   396  01FFA8  0B07               	andlw	7
   397  01FFAA  6E31               	movwf	??_main^(0+1280),c
   398  01FFAC  6A32               	clrf	(??_main+1)^(0+1280),c
   399  01FFAE  6A33               	clrf	(??_main+2)^(0+1280),c
   400  01FFB0  0E00               	movlw	0
   401  01FFB2  2431               	addwf	??_main^(0+1280),w,c
   402  01FFB4  0100               	movlb	0	; () banked
   403  01FFB6  6F43               	movwf	67,b	;volatile
   404  01FFB8  0E00               	movlw	0
   405  01FFBA  2032               	addwfc	(??_main+1)^(0+1280),w,c
   406  01FFBC  6F44               	movwf	68,b	;volatile
   407  01FFBE  0E38               	movlw	56
   408  01FFC0  2033               	addwfc	(??_main+2)^(0+1280),w,c
   409  01FFC2  6F45               	movwf	69,b	;volatile
   410  01FFC4                     
   411                           ; BSR set to: 0
   412                           ;main.c: 102:         LATB = 0x08;
   413  01FFC4  0E08               	movlw	8
   414  01FFC6  6EBF               	movwf	191,c	;volatile
   415  01FFC8                     
   416                           ; BSR set to: 0
   417                           ;main.c: 103:         u8DigitCounter = 0;
   418  01FFC8  0E00               	movlw	0
   419  01FFCA  6E1A               	movwf	main@u8DigitCounter^(0+1280),c
   420  01FFCC  EFE8  F0FF         	goto	l1118
   421  01FFD0                     l80:
   422  01FFD0                     l1118:
   423                           
   424                           ;main.c: 106:     NVMCON1bits.CMD = 0x00;
   425  01FFD0  0EF8               	movlw	-8
   426  01FFD2  0100               	movlb	0	; () banked
   427  01FFD4  1741               	andwf	65,f,b	;volsfr
   428  01FFD6                     
   429                           ; BSR set to: 0
   430                           ;main.c: 107:     NVMCON0bits.GO = 1;
   431  01FFD6  8140               	bsf	64,0,b	;volatile
   432  01FFD8                     l84:
   433                           
   434                           ; BSR set to: 0
   435  01FFD8  B140               	btfsc	64,0,b	;volatile
   436  01FFDA  EFF1  F0FF         	goto	u361
   437  01FFDE  EFF3  F0FF         	goto	u360
   438  01FFE2                     u361:
   439  01FFE2  EFEC  F0FF         	goto	l84
   440  01FFE6                     u360:
   441  01FFE6                     
   442                           ; BSR set to: 0
   443                           ;main.c: 109:     u8 u8BCDecode = NVMDATL;
   444  01FFE6  0060 F118  F534    	movff	70,main@u8BCDecode	;volatile
   445  01FFEC                     
   446                           ; BSR set to: 0
   447                           ;main.c: 110:     LATA = (LATA & 0x40) + u8BCDecode;
   448  01FFEC  50BE               	movf	190,w,c	;volatile
   449  01FFEE  0B40               	andlw	64
   450  01FFF0  2434               	addwf	main@u8BCDecode^(0+1280),w,c
   451  01FFF2  6EBE               	movwf	190,c	;volatile
   452  01FFF4  EF64  F0FF         	goto	l1080
   453  01FFF8  EFFE  F0FF         	goto	start
   454  01FFFC                     __end_of_main:
   455                           	callstack 0
   456                           
   457 ;; *************** function _UserAppRun *****************
   458 ;; Defined at:
   459 ;;		line 123 in file "user_app.c"
   460 ;; Parameters:    Size  Location     Type
   461 ;;		None
   462 ;; Auto vars:     Size  Location     Type
   463 ;;		None
   464 ;; Return value:  Size  Location     Type
   465 ;;                  1    wreg      void 
   466 ;; Registers used:
   467 ;;		wreg, status,2, status,0
   468 ;; Tracked objects:
   469 ;;		On entry : 0/0
   470 ;;		On exit  : 0/0
   471 ;;		Unchanged: 0/0
   472 ;; Data sizes:     COMRAM   BANK5   BANK6   BANK7   BANK8   BANK9  BANK10  BANK11  BANK12  BANK13  BANK14  BANK15  BANK1
      +6  BANK17  BANK18  BANK19  BANK20  BANK21  BANK22  BANK23  BANK24  BANK25  BANK26  BANK27  BANK28  BANK29  BANK30  BANK3
      +1  BANK32  BANK33  BANK34  BANK35  BANK36  BANK37
   473 ;;      Params:         0       0       0       0       0       0       0       0       0       0       0       0       
      +0       0       0       0       0       0       0       0       0       0       0       0       0       0       0       
      +0       0       0       0       0       0       0
   474 ;;      Locals:         0       0       0       0       0       0       0       0       0       0       0       0       
      +0       0       0       0       0       0       0       0       0       0       0       0       0       0       0       
      +0       0       0       0       0       0       0
   475 ;;      Temps:          0       0       0       0       0       0       0       0       0       0       0       0       
      +0       0       0       0       0       0       0       0       0       0       0       0       0       0       0       
      +0       0       0       0       0       0       0
   476 ;;      Totals:         0       0       0       0       0       0       0       0       0       0       0       0       
      +0       0       0       0       0       0       0       0       0       0       0       0       0       0       0       
      +0       0       0       0       0       0       0
   477 ;;Total ram usage:        0 bytes
   478 ;; Hardware stack levels used:    1
   479 ;; This function calls:
   480 ;;		Nothing
   481 ;; This function is called by:
   482 ;;		_main
   483 ;; This function uses a non-reentrant model
   484 ;;
   485                           
   486                           	psect	text1
   487  01FDBA                     __ptext1:
   488                           	callstack 0
   489  01FDBA                     _UserAppRun:
   490                           	callstack 127
   491  01FDBA                     
   492                           ;user_app.c: 133:     static u32 u32TimeUpdateDelayer = 0;;user_app.c: 136:     if(u32Ti
      +                          meUpdateDelayer > 510){
   493  01FDBA  5004               	movf	(UserAppRun@u32TimeUpdateDelayer+3)^(0+1280),w,c
   494  01FDBC  1003               	iorwf	(UserAppRun@u32TimeUpdateDelayer+2)^(0+1280),w,c
   495  01FDBE  E10A               	bnz	u230
   496  01FDC0  2801               	incf	UserAppRun@u32TimeUpdateDelayer^(0+1280),w,c
   497  01FDC2  0E01               	movlw	1
   498  01FDC4  5802               	subwfb	(UserAppRun@u32TimeUpdateDelayer+1)^(0+1280),w,c
   499  01FDC6  A0D8               	btfss	status,0,c
   500  01FDC8  EFE8  F0FE         	goto	u231
   501  01FDCC  EFEA  F0FE         	goto	u230
   502  01FDD0                     u231:
   503  01FDD0  EF52  F0FF         	goto	l1062
   504  01FDD4                     u230:
   505  01FDD4                     
   506                           ;user_app.c: 137:     if(u8Time[2] == 0x90)
   507  01FDD4  0E90               	movlw	144
   508  01FDD6  1816               	xorwf	(_u8Time+2)^(0+1280),w,c
   509  01FDD8  A4D8               	btfss	status,2,c
   510  01FDDA  EFF1  F0FE         	goto	u241
   511  01FDDE  EFF3  F0FE         	goto	u240
   512  01FDE2                     u241:
   513  01FDE2  EF46  F0FF         	goto	l1058
   514  01FDE6                     u240:
   515  01FDE6                     
   516                           ;user_app.c: 138:     {;user_app.c: 139:         if((u8Time[1] & 0x0F) == 0x05)
   517  01FDE6  5015               	movf	(_u8Time+1)^(0+1280),w,c
   518  01FDE8  0B0F               	andlw	15
   519  01FDEA  0A05               	xorlw	5
   520  01FDEC  A4D8               	btfss	status,2,c
   521  01FDEE  EFFB  F0FE         	goto	u251
   522  01FDF2  EFFD  F0FE         	goto	u250
   523  01FDF6                     u251:
   524  01FDF6  EF41  F0FF         	goto	l1054
   525  01FDFA                     u250:
   526  01FDFA                     
   527                           ;user_app.c: 140:         {;user_app.c: 141:             if(u8Time[1] == 0x95)
   528  01FDFA  0E95               	movlw	149
   529  01FDFC  1815               	xorwf	(_u8Time+1)^(0+1280),w,c
   530  01FDFE  A4D8               	btfss	status,2,c
   531  01FE00  EF04  F0FF         	goto	u261
   532  01FE04  EF06  F0FF         	goto	u260
   533  01FE08                     u261:
   534  01FE08  EF3B  F0FF         	goto	l1052
   535  01FE0C                     u260:
   536  01FE0C                     
   537                           ;user_app.c: 142:             {;user_app.c: 143:                 if((u8Time[0] & 0x07) =
      +                          = 0b00000101 )
   538  01FE0C  5014               	movf	_u8Time^(0+1280),w,c
   539  01FE0E  0B07               	andlw	7
   540  01FE10  0A05               	xorlw	5
   541  01FE12  A4D8               	btfss	status,2,c
   542  01FE14  EF0E  F0FF         	goto	u271
   543  01FE18  EF10  F0FF         	goto	u270
   544  01FE1C                     u271:
   545  01FE1C  EF36  F0FF         	goto	l1048
   546  01FE20                     u270:
   547  01FE20                     
   548                           ;user_app.c: 144:                 {;user_app.c: 145:                     if(u8Time[0] > 
      +                          0x80)
   549  01FE20  0E80               	movlw	128
   550  01FE22  6414               	cpfsgt	_u8Time^(0+1280),c
   551  01FE24  EF16  F0FF         	goto	u281
   552  01FE28  EF18  F0FF         	goto	u280
   553  01FE2C                     u281:
   554  01FE2C  EF29  F0FF         	goto	l1042
   555  01FE30                     u280:
   556  01FE30                     
   557                           ;user_app.c: 146:                     {;user_app.c: 147:                         if(u8Ti
      +                          me[0] == 0b11001101)
   558  01FE30  0ECD               	movlw	205
   559  01FE32  1814               	xorwf	_u8Time^(0+1280),w,c
   560  01FE34  A4D8               	btfss	status,2,c
   561  01FE36  EF1F  F0FF         	goto	u291
   562  01FE3A  EF21  F0FF         	goto	u290
   563  01FE3E                     u291:
   564  01FE3E  EF25  F0FF         	goto	l1040
   565  01FE42                     u290:
   566  01FE42                     
   567                           ;user_app.c: 148:                         {;user_app.c: 149:                            
      +                           u8Time[0] = 0b00001000;
   568  01FE42  0E08               	movlw	8
   569  01FE44  6E14               	movwf	_u8Time^(0+1280),c
   570                           
   571                           ;user_app.c: 150:                         }
   572  01FE46  EF37  F0FF         	goto	l1050
   573  01FE4A                     l1040:
   574                           
   575                           ;user_app.c: 152:                         {;user_app.c: 153:                            
      +                           u8Time[0] += 0x08;
   576  01FE4A  0E08               	movlw	8
   577  01FE4C  2614               	addwf	_u8Time^(0+1280),f,c
   578  01FE4E  EF37  F0FF         	goto	l1050
   579  01FE52                     l1042:
   580                           
   581                           ;user_app.c: 157:                     {;user_app.c: 158:                         if(u8Ti
      +                          me[0] == 0x4D)
   582  01FE52  0E4D               	movlw	77
   583  01FE54  1814               	xorwf	_u8Time^(0+1280),w,c
   584  01FE56  A4D8               	btfss	status,2,c
   585  01FE58  EF30  F0FF         	goto	u301
   586  01FE5C  EF32  F0FF         	goto	u300
   587  01FE60                     u301:
   588  01FE60  EF25  F0FF         	goto	l1040
   589  01FE64                     u300:
   590  01FE64                     
   591                           ;user_app.c: 159:                         {;user_app.c: 160:                            
      +                           u8Time[0] = 0x80;
   592  01FE64  0E80               	movlw	128
   593  01FE66  6E14               	movwf	_u8Time^(0+1280),c
   594                           
   595                           ;user_app.c: 161:                         }
   596  01FE68  EF37  F0FF         	goto	l1050
   597  01FE6C                     l1048:
   598                           
   599                           ;user_app.c: 169:                 {;user_app.c: 170:                     u8Time[0] += 0x
      +                          01;
   600  01FE6C  2A14               	incf	_u8Time^(0+1280),f,c
   601  01FE6E                     l1050:
   602                           
   603                           ;user_app.c: 172:                 u8Time[1] = 0x00;
   604  01FE6E  0E00               	movlw	0
   605  01FE70  6E15               	movwf	(_u8Time+1)^(0+1280),c
   606                           
   607                           ;user_app.c: 173:             }
   608  01FE72  EF42  F0FF         	goto	l1056
   609  01FE76                     l1052:
   610                           
   611                           ;user_app.c: 175:             {;user_app.c: 176:                 u8Time[1] = (u8Time[1] 
      +                          & 0xF0) + 0x10;
   612  01FE76  5015               	movf	(_u8Time+1)^(0+1280),w,c
   613  01FE78  0BF0               	andlw	240
   614  01FE7A  0F10               	addlw	16
   615  01FE7C  6E15               	movwf	(_u8Time+1)^(0+1280),c
   616  01FE7E  EF42  F0FF         	goto	l1056
   617  01FE82                     l1054:
   618                           
   619                           ;user_app.c: 180:         {;user_app.c: 181:             u8Time[1] += 0x01;
   620  01FE82  2A15               	incf	(_u8Time+1)^(0+1280),f,c
   621  01FE84                     l1056:
   622                           
   623                           ;user_app.c: 183:         u8Time[2] = 0x00;
   624  01FE84  0E00               	movlw	0
   625  01FE86  6E16               	movwf	(_u8Time+2)^(0+1280),c
   626                           
   627                           ;user_app.c: 184:     }
   628  01FE88  EF48  F0FF         	goto	l1060
   629  01FE8C                     l1058:
   630                           
   631                           ;user_app.c: 186:     {;user_app.c: 187:         u8Time[2] += 0x10;
   632  01FE8C  0E10               	movlw	16
   633  01FE8E  2616               	addwf	(_u8Time+2)^(0+1280),f,c
   634  01FE90                     l1060:
   635                           
   636                           ;user_app.c: 189:     u32TimeUpdateDelayer = 0;
   637  01FE90  0E00               	movlw	0
   638  01FE92  6E01               	movwf	UserAppRun@u32TimeUpdateDelayer^(0+1280),c
   639  01FE94  0E00               	movlw	0
   640  01FE96  6E02               	movwf	(UserAppRun@u32TimeUpdateDelayer+1)^(0+1280),c
   641  01FE98  0E00               	movlw	0
   642  01FE9A  6E03               	movwf	(UserAppRun@u32TimeUpdateDelayer+2)^(0+1280),c
   643  01FE9C  0E00               	movlw	0
   644  01FE9E  6E04               	movwf	(UserAppRun@u32TimeUpdateDelayer+3)^(0+1280),c
   645                           
   646                           ;user_app.c: 190:     }
   647  01FEA0  EF58  F0FF         	goto	l151
   648  01FEA4                     l1062:
   649                           
   650                           ;user_app.c: 192:     {;user_app.c: 193:     u32TimeUpdateDelayer++;
   651  01FEA4  0E01               	movlw	1
   652  01FEA6  2601               	addwf	UserAppRun@u32TimeUpdateDelayer^(0+1280),f,c
   653  01FEA8  0E00               	movlw	0
   654  01FEAA  2202               	addwfc	(UserAppRun@u32TimeUpdateDelayer+1)^(0+1280),f,c
   655  01FEAC  2203               	addwfc	(UserAppRun@u32TimeUpdateDelayer+2)^(0+1280),f,c
   656  01FEAE  2204               	addwfc	(UserAppRun@u32TimeUpdateDelayer+3)^(0+1280),f,c
   657  01FEB0                     l151:
   658                           
   659                           ;user_app.c: 202:     LATA ^=0x40;
   660  01FEB0  0E40               	movlw	64
   661  01FEB2  1ABE               	xorwf	190,f,c	;volatile
   662  01FEB4  0012               	return		;funcret
   663  01FEB6                     __end_of_UserAppRun:
   664                           	callstack 0
   665                           
   666 ;; *************** function _UserAppInitialize *****************
   667 ;; Defined at:
   668 ;;		line 79 in file "user_app.c"
   669 ;; Parameters:    Size  Location     Type
   670 ;;		None
   671 ;; Auto vars:     Size  Location     Type
   672 ;;		None
   673 ;; Return value:  Size  Location     Type
   674 ;;                  1    wreg      void 
   675 ;; Registers used:
   676 ;;		wreg, status,2
   677 ;; Tracked objects:
   678 ;;		On entry : 0/0
   679 ;;		On exit  : 0/0
   680 ;;		Unchanged: 0/0
   681 ;; Data sizes:     COMRAM   BANK5   BANK6   BANK7   BANK8   BANK9  BANK10  BANK11  BANK12  BANK13  BANK14  BANK15  BANK1
      +6  BANK17  BANK18  BANK19  BANK20  BANK21  BANK22  BANK23  BANK24  BANK25  BANK26  BANK27  BANK28  BANK29  BANK30  BANK3
      +1  BANK32  BANK33  BANK34  BANK35  BANK36  BANK37
   682 ;;      Params:         0       0       0       0       0       0       0       0       0       0       0       0       
      +0       0       0       0       0       0       0       0       0       0       0       0       0       0       0       
      +0       0       0       0       0       0       0
   683 ;;      Locals:         0       0       0       0       0       0       0       0       0       0       0       0       
      +0       0       0       0       0       0       0       0       0       0       0       0       0       0       0       
      +0       0       0       0       0       0       0
   684 ;;      Temps:          0       0       0       0       0       0       0       0       0       0       0       0       
      +0       0       0       0       0       0       0       0       0       0       0       0       0       0       0       
      +0       0       0       0       0       0       0
   685 ;;      Totals:         0       0       0       0       0       0       0       0       0       0       0       0       
      +0       0       0       0       0       0       0       0       0       0       0       0       0       0       0       
      +0       0       0       0       0       0       0
   686 ;;Total ram usage:        0 bytes
   687 ;; Hardware stack levels used:    1
   688 ;; This function calls:
   689 ;;		Nothing
   690 ;; This function is called by:
   691 ;;		_main
   692 ;; This function uses a non-reentrant model
   693 ;;
   694                           
   695                           	psect	text2
   696  01FD7A                     __ptext2:
   697                           	callstack 0
   698  01FD7A                     _UserAppInitialize:
   699                           	callstack 127
   700  01FD7A                     
   701                           ;user_app.c: 82:     OSCCON3bits.SOSCPWR = 0;
   702  01FD7A  0100               	movlb	0	; () banked
   703  01FD7C  9DAF               	bcf	175,6,b	;volatile
   704                           
   705                           ;user_app.c: 83:     OSCENbits.SOSCEN = 1;
   706  01FD7E  87B3               	bsf	179,3,b	;volatile
   707  01FD80                     l128:
   708                           
   709                           ; BSR set to: 0
   710                           ;user_app.c: 86:     while(OSCSTATbits.SOR != 1)
   711  01FD80  A7B2               	btfss	178,3,b	;volatile
   712  01FD82  EFC5  F0FE         	goto	u221
   713  01FD86  EFC7  F0FE         	goto	u220
   714  01FD8A                     u221:
   715  01FD8A  EFC0  F0FE         	goto	l128
   716  01FD8E                     u220:
   717  01FD8E                     
   718                           ; BSR set to: 0
   719                           ;user_app.c: 91:     LATA = 0x80;
   720  01FD8E  0E80               	movlw	128
   721  01FD90  6EBE               	movwf	190,c	;volatile
   722                           
   723                           ;user_app.c: 93:     T0CON1 = 0b11010101;
   724  01FD92  0ED5               	movlw	213
   725  01FD94  0103               	movlb	3	; () banked
   726  01FD96  6F1B               	movwf	27,b	;volatile
   727                           
   728                           ;user_app.c: 94:     T0CON0 = 0b11000000;
   729  01FD98  0EC0               	movlw	192
   730  01FD9A  6F1A               	movwf	26,b	;volatile
   731                           
   732                           ;user_app.c: 96:     u8Time[0] = 0b00000000;
   733  01FD9C  0E00               	movlw	0
   734  01FD9E  6E14               	movwf	_u8Time^(0+1280),c
   735                           
   736                           ;user_app.c: 97:     u8Time[1] = 0b00000000;
   737  01FDA0  0E00               	movlw	0
   738  01FDA2  6E15               	movwf	(_u8Time+1)^(0+1280),c
   739                           
   740                           ;user_app.c: 98:     u8Time[2] = 0b00010000;
   741  01FDA4  0E10               	movlw	16
   742  01FDA6  6E16               	movwf	(_u8Time+2)^(0+1280),c
   743                           
   744                           ;user_app.c: 100:     u8AlarmTime[0] = 0b00101011;
   745  01FDA8  0E2B               	movlw	43
   746  01FDAA  6E11               	movwf	_u8AlarmTime^(0+1280),c
   747                           
   748                           ;user_app.c: 101:     u8AlarmTime[1] = 0b00000000;
   749  01FDAC  0E00               	movlw	0
   750  01FDAE  6E12               	movwf	(_u8AlarmTime+1)^(0+1280),c
   751                           
   752                           ;user_app.c: 102:     u8AlarmTime[2] = 0b00000000;
   753  01FDB0  0E00               	movlw	0
   754  01FDB2  6E13               	movwf	(_u8AlarmTime+2)^(0+1280),c
   755                           
   756                           ;user_app.c: 104:     u8AlarmFlag = 0;
   757  01FDB4  0E00               	movlw	0
   758  01FDB6  6E17               	movwf	_u8AlarmFlag^(0+1280),c
   759  01FDB8                     
   760                           ; BSR set to: 3
   761  01FDB8  0012               	return		;funcret
   762  01FDBA                     __end_of_UserAppInitialize:
   763                           	callstack 0
   764                           
   765 ;; *************** function _TimeXus *****************
   766 ;; Defined at:
   767 ;;		line 221 in file "user_app.c"
   768 ;; Parameters:    Size  Location     Type
   769 ;;  u16TimerTime    2    0[COMRAM] unsigned short 
   770 ;; Auto vars:     Size  Location     Type
   771 ;;		None
   772 ;; Return value:  Size  Location     Type
   773 ;;                  1    wreg      void 
   774 ;; Registers used:
   775 ;;		wreg, status,2, status,0
   776 ;; Tracked objects:
   777 ;;		On entry : 0/0
   778 ;;		On exit  : 0/0
   779 ;;		Unchanged: 0/0
   780 ;; Data sizes:     COMRAM   BANK5   BANK6   BANK7   BANK8   BANK9  BANK10  BANK11  BANK12  BANK13  BANK14  BANK15  BANK1
      +6  BANK17  BANK18  BANK19  BANK20  BANK21  BANK22  BANK23  BANK24  BANK25  BANK26  BANK27  BANK28  BANK29  BANK30  BANK3
      +1  BANK32  BANK33  BANK34  BANK35  BANK36  BANK37
   781 ;;      Params:         2       0       0       0       0       0       0       0       0       0       0       0       
      +0       0       0       0       0       0       0       0       0       0       0       0       0       0       0       
      +0       0       0       0       0       0       0
   782 ;;      Locals:         0       0       0       0       0       0       0       0       0       0       0       0       
      +0       0       0       0       0       0       0       0       0       0       0       0       0       0       0       
      +0       0       0       0       0       0       0
   783 ;;      Temps:          2       0       0       0       0       0       0       0       0       0       0       0       
      +0       0       0       0       0       0       0       0       0       0       0       0       0       0       0       
      +0       0       0       0       0       0       0
   784 ;;      Totals:         4       0       0       0       0       0       0       0       0       0       0       0       
      +0       0       0       0       0       0       0       0       0       0       0       0       0       0       0       
      +0       0       0       0       0       0       0
   785 ;;Total ram usage:        4 bytes
   786 ;; Hardware stack levels used:    1
   787 ;; This function calls:
   788 ;;		Nothing
   789 ;; This function is called by:
   790 ;;		_main
   791 ;; This function uses a non-reentrant model
   792 ;;
   793                           
   794                           	psect	text3
   795  01FD26                     __ptext3:
   796                           	callstack 0
   797  01FD26                     _TimeXus:
   798                           	callstack 127
   799  01FD26                     
   800                           ;user_app.c: 221: void TimeXus(u16 u16TimerTime);user_app.c: 222: {;user_app.c: 223:    
      +                           T0CON0 &= 0x7F;
   801  01FD26  0103               	movlb	3	; () banked
   802  01FD28  9F1A               	bcf	26,7,b	;volatile
   803  01FD2A                     
   804                           ; BSR set to: 3
   805                           ;user_app.c: 225:     TMR0H = (0xFFFF - u16TimerTime) >> 8;
   806  01FD2A  1C2D               	comf	TimeXus@u16TimerTime^(0+1280),w,c
   807  01FD2C  6E2F               	movwf	??_TimeXus^(0+1280),c
   808  01FD2E  1C2E               	comf	(TimeXus@u16TimerTime+1)^(0+1280),w,c
   809  01FD30  6E30               	movwf	(??_TimeXus+1)^(0+1280),c
   810  01FD32  C530  F52F         	movff	??_TimeXus+1,??_TimeXus
   811  01FD36  6A30               	clrf	(??_TimeXus+1)^(0+1280),c
   812  01FD38  502F               	movf	??_TimeXus^(0+1280),w,c
   813  01FD3A  6F19               	movwf	25,b	;volatile
   814  01FD3C                     
   815                           ; BSR set to: 3
   816                           ;user_app.c: 229:     TMR0L = (0xFFFF - u16TimerTime) & 0x00FF;
   817  01FD3C  502D               	movf	TimeXus@u16TimerTime^(0+1280),w,c
   818  01FD3E  0AFF               	xorlw	255
   819  01FD40  6F18               	movwf	24,b	;volatile
   820                           
   821                           ;user_app.c: 232:     PIR3 &= 0x7F;
   822  01FD42  9EB1               	bcf	177,7,c	;volatile
   823                           
   824                           ;user_app.c: 233:     T0CON0 |= 0x80;
   825  01FD44  8F1A               	bsf	26,7,b	;volatile
   826  01FD46                     
   827                           ; BSR set to: 3
   828  01FD46  0012               	return		;funcret
   829  01FD48                     __end_of_TimeXus:
   830                           	callstack 0
   831                           
   832 ;; *************** function _SystemSleep *****************
   833 ;; Defined at:
   834 ;;		line 135 in file "encm369_pic18.c"
   835 ;; Parameters:    Size  Location     Type
   836 ;;		None
   837 ;; Auto vars:     Size  Location     Type
   838 ;;		None
   839 ;; Return value:  Size  Location     Type
   840 ;;                  1    wreg      void 
   841 ;; Registers used:
   842 ;;		None
   843 ;; Tracked objects:
   844 ;;		On entry : 0/0
   845 ;;		On exit  : 0/0
   846 ;;		Unchanged: 0/0
   847 ;; Data sizes:     COMRAM   BANK5   BANK6   BANK7   BANK8   BANK9  BANK10  BANK11  BANK12  BANK13  BANK14  BANK15  BANK1
      +6  BANK17  BANK18  BANK19  BANK20  BANK21  BANK22  BANK23  BANK24  BANK25  BANK26  BANK27  BANK28  BANK29  BANK30  BANK3
      +1  BANK32  BANK33  BANK34  BANK35  BANK36  BANK37
   848 ;;      Params:         0       0       0       0       0       0       0       0       0       0       0       0       
      +0       0       0       0       0       0       0       0       0       0       0       0       0       0       0       
      +0       0       0       0       0       0       0
   849 ;;      Locals:         0       0       0       0       0       0       0       0       0       0       0       0       
      +0       0       0       0       0       0       0       0       0       0       0       0       0       0       0       
      +0       0       0       0       0       0       0
   850 ;;      Temps:          0       0       0       0       0       0       0       0       0       0       0       0       
      +0       0       0       0       0       0       0       0       0       0       0       0       0       0       0       
      +0       0       0       0       0       0       0
   851 ;;      Totals:         0       0       0       0       0       0       0       0       0       0       0       0       
      +0       0       0       0       0       0       0       0       0       0       0       0       0       0       0       
      +0       0       0       0       0       0       0
   852 ;;Total ram usage:        0 bytes
   853 ;; Hardware stack levels used:    1
   854 ;; This function calls:
   855 ;;		Nothing
   856 ;; This function is called by:
   857 ;;		_main
   858 ;; This function uses a non-reentrant model
   859 ;;
   860                           
   861                           	psect	text4
   862  01FCD4                     __ptext4:
   863                           	callstack 0
   864  01FCD4                     _SystemSleep:
   865                           	callstack 127
   866  01FCD4  0012               	return		;funcret
   867  01FCD6                     __end_of_SystemSleep:
   868                           	callstack 0
   869                           
   870 ;; *************** function _SysTickSetup *****************
   871 ;; Defined at:
   872 ;;		line 113 in file "encm369_pic18.c"
   873 ;; Parameters:    Size  Location     Type
   874 ;;		None
   875 ;; Auto vars:     Size  Location     Type
   876 ;;		None
   877 ;; Return value:  Size  Location     Type
   878 ;;                  1    wreg      void 
   879 ;; Registers used:
   880 ;;		wreg, status,2
   881 ;; Tracked objects:
   882 ;;		On entry : 0/0
   883 ;;		On exit  : 0/0
   884 ;;		Unchanged: 0/0
   885 ;; Data sizes:     COMRAM   BANK5   BANK6   BANK7   BANK8   BANK9  BANK10  BANK11  BANK12  BANK13  BANK14  BANK15  BANK1
      +6  BANK17  BANK18  BANK19  BANK20  BANK21  BANK22  BANK23  BANK24  BANK25  BANK26  BANK27  BANK28  BANK29  BANK30  BANK3
      +1  BANK32  BANK33  BANK34  BANK35  BANK36  BANK37
   886 ;;      Params:         0       0       0       0       0       0       0       0       0       0       0       0       
      +0       0       0       0       0       0       0       0       0       0       0       0       0       0       0       
      +0       0       0       0       0       0       0
   887 ;;      Locals:         0       0       0       0       0       0       0       0       0       0       0       0       
      +0       0       0       0       0       0       0       0       0       0       0       0       0       0       0       
      +0       0       0       0       0       0       0
   888 ;;      Temps:          0       0       0       0       0       0       0       0       0       0       0       0       
      +0       0       0       0       0       0       0       0       0       0       0       0       0       0       0       
      +0       0       0       0       0       0       0
   889 ;;      Totals:         0       0       0       0       0       0       0       0       0       0       0       0       
      +0       0       0       0       0       0       0       0       0       0       0       0       0       0       0       
      +0       0       0       0       0       0       0
   890 ;;Total ram usage:        0 bytes
   891 ;; Hardware stack levels used:    1
   892 ;; This function calls:
   893 ;;		Nothing
   894 ;; This function is called by:
   895 ;;		_main
   896 ;; This function uses a non-reentrant model
   897 ;;
   898                           
   899                           	psect	text5
   900  01FD04                     __ptext5:
   901                           	callstack 0
   902  01FD04                     _SysTickSetup:
   903                           	callstack 127
   904  01FD04                     
   905                           ;encm369_pic18.c: 115:   G_u32SystemTime1ms = 0;
   906  01FD04  0E00               	movlw	0
   907  01FD06  6E0D               	movwf	_G_u32SystemTime1ms^(0+1280),c	;volatile
   908  01FD08  0E00               	movlw	0
   909  01FD0A  6E0E               	movwf	(_G_u32SystemTime1ms+1)^(0+1280),c	;volatile
   910  01FD0C  0E00               	movlw	0
   911  01FD0E  6E0F               	movwf	(_G_u32SystemTime1ms+2)^(0+1280),c	;volatile
   912  01FD10  0E00               	movlw	0
   913  01FD12  6E10               	movwf	(_G_u32SystemTime1ms+3)^(0+1280),c	;volatile
   914                           
   915                           ;encm369_pic18.c: 116:   G_u32SystemTime1s = 0;
   916  01FD14  0E00               	movlw	0
   917  01FD16  6E09               	movwf	_G_u32SystemTime1s^(0+1280),c	;volatile
   918  01FD18  0E00               	movlw	0
   919  01FD1A  6E0A               	movwf	(_G_u32SystemTime1s+1)^(0+1280),c	;volatile
   920  01FD1C  0E00               	movlw	0
   921  01FD1E  6E0B               	movwf	(_G_u32SystemTime1s+2)^(0+1280),c	;volatile
   922  01FD20  0E00               	movlw	0
   923  01FD22  6E0C               	movwf	(_G_u32SystemTime1s+3)^(0+1280),c	;volatile
   924  01FD24  0012               	return		;funcret
   925  01FD26                     __end_of_SysTickSetup:
   926                           	callstack 0
   927                           
   928 ;; *************** function _GpioSetup *****************
   929 ;; Defined at:
   930 ;;		line 89 in file "encm369_pic18.c"
   931 ;; Parameters:    Size  Location     Type
   932 ;;		None
   933 ;; Auto vars:     Size  Location     Type
   934 ;;		None
   935 ;; Return value:  Size  Location     Type
   936 ;;                  1    wreg      void 
   937 ;; Registers used:
   938 ;;		wreg, status,2
   939 ;; Tracked objects:
   940 ;;		On entry : 0/0
   941 ;;		On exit  : 0/0
   942 ;;		Unchanged: 0/0
   943 ;; Data sizes:     COMRAM   BANK5   BANK6   BANK7   BANK8   BANK9  BANK10  BANK11  BANK12  BANK13  BANK14  BANK15  BANK1
      +6  BANK17  BANK18  BANK19  BANK20  BANK21  BANK22  BANK23  BANK24  BANK25  BANK26  BANK27  BANK28  BANK29  BANK30  BANK3
      +1  BANK32  BANK33  BANK34  BANK35  BANK36  BANK37
   944 ;;      Params:         0       0       0       0       0       0       0       0       0       0       0       0       
      +0       0       0       0       0       0       0       0       0       0       0       0       0       0       0       
      +0       0       0       0       0       0       0
   945 ;;      Locals:         0       0       0       0       0       0       0       0       0       0       0       0       
      +0       0       0       0       0       0       0       0       0       0       0       0       0       0       0       
      +0       0       0       0       0       0       0
   946 ;;      Temps:          0       0       0       0       0       0       0       0       0       0       0       0       
      +0       0       0       0       0       0       0       0       0       0       0       0       0       0       0       
      +0       0       0       0       0       0       0
   947 ;;      Totals:         0       0       0       0       0       0       0       0       0       0       0       0       
      +0       0       0       0       0       0       0       0       0       0       0       0       0       0       0       
      +0       0       0       0       0       0       0
   948 ;;Total ram usage:        0 bytes
   949 ;; Hardware stack levels used:    1
   950 ;; This function calls:
   951 ;;		Nothing
   952 ;; This function is called by:
   953 ;;		_main
   954 ;; This function uses a non-reentrant model
   955 ;;
   956                           
   957                           	psect	text6
   958  01FCE8                     __ptext6:
   959                           	callstack 0
   960  01FCE8                     _GpioSetup:
   961                           	callstack 127
   962  01FCE8                     
   963                           ;encm369_pic18.c: 91:     ANSELA = 0x00;
   964  01FCE8  0E00               	movlw	0
   965  01FCEA  0104               	movlb	4	; () banked
   966  01FCEC  6F00               	movwf	0,b	;volatile
   967                           
   968                           ;encm369_pic18.c: 92:     TRISA = 0x00;
   969  01FCEE  0E00               	movlw	0
   970  01FCF0  6EC6               	movwf	198,c	;volatile
   971                           
   972                           ;encm369_pic18.c: 93:     LATA = 0x00;
   973  01FCF2  0E00               	movlw	0
   974  01FCF4  6EBE               	movwf	190,c	;volatile
   975                           
   976                           ;encm369_pic18.c: 95:     ANSELB = 0x00;
   977  01FCF6  0E00               	movlw	0
   978  01FCF8  6F08               	movwf	8,b	;volatile
   979                           
   980                           ;encm369_pic18.c: 96:     TRISB = 0x00;
   981  01FCFA  0E00               	movlw	0
   982  01FCFC  6EC7               	movwf	199,c	;volatile
   983                           
   984                           ;encm369_pic18.c: 97:     LATB = 0x00;
   985  01FCFE  0E00               	movlw	0
   986  01FD00  6EBF               	movwf	191,c	;volatile
   987  01FD02                     
   988                           ; BSR set to: 4
   989  01FD02  0012               	return		;funcret
   990  01FD04                     __end_of_GpioSetup:
   991                           	callstack 0
   992                           
   993 ;; *************** function _ClockSetup *****************
   994 ;; Defined at:
   995 ;;		line 69 in file "encm369_pic18.c"
   996 ;; Parameters:    Size  Location     Type
   997 ;;		None
   998 ;; Auto vars:     Size  Location     Type
   999 ;;		None
  1000 ;; Return value:  Size  Location     Type
  1001 ;;                  1    wreg      void 
  1002 ;; Registers used:
  1003 ;;		None
  1004 ;; Tracked objects:
  1005 ;;		On entry : 0/0
  1006 ;;		On exit  : 0/0
  1007 ;;		Unchanged: 0/0
  1008 ;; Data sizes:     COMRAM   BANK5   BANK6   BANK7   BANK8   BANK9  BANK10  BANK11  BANK12  BANK13  BANK14  BANK15  BANK1
      +6  BANK17  BANK18  BANK19  BANK20  BANK21  BANK22  BANK23  BANK24  BANK25  BANK26  BANK27  BANK28  BANK29  BANK30  BANK3
      +1  BANK32  BANK33  BANK34  BANK35  BANK36  BANK37
  1009 ;;      Params:         0       0       0       0       0       0       0       0       0       0       0       0       
      +0       0       0       0       0       0       0       0       0       0       0       0       0       0       0       
      +0       0       0       0       0       0       0
  1010 ;;      Locals:         0       0       0       0       0       0       0       0       0       0       0       0       
      +0       0       0       0       0       0       0       0       0       0       0       0       0       0       0       
      +0       0       0       0       0       0       0
  1011 ;;      Temps:          0       0       0       0       0       0       0       0       0       0       0       0       
      +0       0       0       0       0       0       0       0       0       0       0       0       0       0       0       
      +0       0       0       0       0       0       0
  1012 ;;      Totals:         0       0       0       0       0       0       0       0       0       0       0       0       
      +0       0       0       0       0       0       0       0       0       0       0       0       0       0       0       
      +0       0       0       0       0       0       0
  1013 ;;Total ram usage:        0 bytes
  1014 ;; Hardware stack levels used:    1
  1015 ;; This function calls:
  1016 ;;		Nothing
  1017 ;; This function is called by:
  1018 ;;		_main
  1019 ;; This function uses a non-reentrant model
  1020 ;;
  1021                           
  1022                           	psect	text7
  1023  01FCD2                     __ptext7:
  1024                           	callstack 0
  1025  01FCD2                     _ClockSetup:
  1026                           	callstack 127
  1027  01FCD2  0012               	return		;funcret
  1028  01FCD4                     __end_of_ClockSetup:
  1029                           	callstack 0
  1030  0000                     
  1031                           	psect	rparam
  1032  0000                     
  1033                           	psect	idloc
  1034                           
  1035                           ;Config register IDLOC0 @ 0x200000
  1036                           ;	unspecified, using default values
  1037  200000                     	org	2097152
  1038  200000  0FFF               	dw	4095
  1039                           
  1040                           ;Config register IDLOC1 @ 0x200002
  1041                           ;	unspecified, using default values
  1042  200002                     	org	2097154
  1043  200002  0FFF               	dw	4095
  1044                           
  1045                           ;Config register IDLOC2 @ 0x200004
  1046                           ;	unspecified, using default values
  1047  200004                     	org	2097156
  1048  200004  0FFF               	dw	4095
  1049                           
  1050                           ;Config register IDLOC3 @ 0x200006
  1051                           ;	unspecified, using default values
  1052  200006                     	org	2097158
  1053  200006  0FFF               	dw	4095
  1054                           
  1055                           ;Config register IDLOC4 @ 0x200008
  1056                           ;	unspecified, using default values
  1057  200008                     	org	2097160
  1058  200008  0FFF               	dw	4095
  1059                           
  1060                           ;Config register IDLOC5 @ 0x20000A
  1061                           ;	unspecified, using default values
  1062  20000A                     	org	2097162
  1063  20000A  0FFF               	dw	4095
  1064                           
  1065                           ;Config register IDLOC6 @ 0x20000C
  1066                           ;	unspecified, using default values
  1067  20000C                     	org	2097164
  1068  20000C  0FFF               	dw	4095
  1069                           
  1070                           ;Config register IDLOC7 @ 0x20000E
  1071                           ;	unspecified, using default values
  1072  20000E                     	org	2097166
  1073  20000E  0FFF               	dw	4095
  1074                           
  1075                           ;Config register IDLOC8 @ 0x200010
  1076                           ;	unspecified, using default values
  1077  200010                     	org	2097168
  1078  200010  0FFF               	dw	4095
  1079                           
  1080                           ;Config register IDLOC9 @ 0x200012
  1081                           ;	unspecified, using default values
  1082  200012                     	org	2097170
  1083  200012  0FFF               	dw	4095
  1084                           
  1085                           ;Config register IDLOC10 @ 0x200014
  1086                           ;	unspecified, using default values
  1087  200014                     	org	2097172
  1088  200014  0FFF               	dw	4095
  1089                           
  1090                           ;Config register IDLOC11 @ 0x200016
  1091                           ;	unspecified, using default values
  1092  200016                     	org	2097174
  1093  200016  0FFF               	dw	4095
  1094                           
  1095                           ;Config register IDLOC12 @ 0x200018
  1096                           ;	unspecified, using default values
  1097  200018                     	org	2097176
  1098  200018  0FFF               	dw	4095
  1099                           
  1100                           ;Config register IDLOC13 @ 0x20001A
  1101                           ;	unspecified, using default values
  1102  20001A                     	org	2097178
  1103  20001A  0FFF               	dw	4095
  1104                           
  1105                           ;Config register IDLOC14 @ 0x20001C
  1106                           ;	unspecified, using default values
  1107  20001C                     	org	2097180
  1108  20001C  0FFF               	dw	4095
  1109                           
  1110                           ;Config register IDLOC15 @ 0x20001E
  1111                           ;	unspecified, using default values
  1112  20001E                     	org	2097182
  1113  20001E  0FFF               	dw	4095
  1114                           
  1115                           	psect	config
  1116                           
  1117                           ;Config register CONFIG1 @ 0x300000
  1118                           ;	External Oscillator Selection
  1119                           ;	FEXTOSC = OFF, Oscillator not enabled
  1120                           ;	Reset Oscillator Selection
  1121                           ;	RSTOSC = HFINTOSC_64MHZ, HFINTOSC with HFFRQ = 64 MHz and CDIV = 1:1
  1122  300000                     	org	3145728
  1123  300000  8C                 	db	140
  1124                           
  1125                           ;Config register CONFIG2 @ 0x300001
  1126                           ;	Clock out Enable bit
  1127                           ;	CLKOUTEN = ON, CLKOUT function is enabled
  1128                           ;	PRLOCKED One-Way Set Enable bit
  1129                           ;	PR1WAY = ON, PRLOCKED bit can be cleared and set only once
  1130                           ;	Clock Switch Enable bit
  1131                           ;	CSWEN = ON, Writing to NOSC and NDIV is allowed
  1132                           ;	Fail-Safe Clock Monitor Enable bit
  1133                           ;	FCMEN = ON, Fail-Safe Clock Monitor enabled
  1134  300001                     	org	3145729
  1135  300001  FE                 	db	254
  1136                           
  1137                           ;Config register CONFIG3 @ 0x300002
  1138                           ;	MCLR Enable bit
  1139                           ;	MCLRE = EXTMCLR, If LVP = 0, MCLR pin is MCLR; If LVP = 1, RE3 pin function is MCLR
  1140                           ;	Power-up timer selection bits
  1141                           ;	PWRTS = PWRT_OFF, PWRT is disabled
  1142                           ;	Multi-vector enable bit
  1143                           ;	MVECEN = ON, Multi-vector enabled, Vector table used for interrupts
  1144                           ;	IVTLOCK bit One-way set enable bit
  1145                           ;	IVT1WAY = ON, IVTLOCKED bit can be cleared and set only once
  1146                           ;	Low Power BOR Enable bit
  1147                           ;	LPBOREN = OFF, Low-Power BOR disabled
  1148                           ;	Brown-out Reset Enable bits
  1149                           ;	BOREN = SBORDIS, Brown-out Reset enabled , SBOREN bit is ignored
  1150  300002                     	org	3145730
  1151  300002  FF                 	db	255
  1152                           
  1153                           ;Config register CONFIG4 @ 0x300003
  1154                           ;	Brown-out Reset Voltage Selection bits
  1155                           ;	BORV = VBOR_2P85, Brown-out Reset Voltage (VBOR) set to 2.8V
  1156                           ;	ZCD Disable bit
  1157                           ;	ZCD = OFF, ZCD module is disabled. ZCD can be enabled by setting the ZCDSEN bit of ZCD
      +                          CON
  1158                           ;	PPSLOCK bit One-Way Set Enable bit
  1159                           ;	PPS1WAY = ON, PPSLOCKED bit can be cleared and set only once; PPS registers remain loc
      +                          ked after one clear/set cycle
  1160                           ;	Stack Full/Underflow Reset Enable bit
  1161                           ;	STVREN = ON, Stack full/underflow will cause Reset
  1162                           ;	Low Voltage Programming Enable bit
  1163                           ;	LVP = ON, Low voltage programming enabled. MCLR/VPP pin function is MCLR. MCLRE config
      +                          uration bit is ignored
  1164                           ;	Extended Instruction Set Enable bit
  1165                           ;	XINST = OFF, Extended Instruction Set and Indexed Addressing Mode disabled
  1166  300003                     	org	3145731
  1167  300003  FC                 	db	252
  1168                           
  1169                           ;Config register CONFIG5 @ 0x300004
  1170                           ;	WDT Period selection bits
  1171                           ;	WDTCPS = WDTCPS_31, Divider ratio 1:65536; software control of WDTPS
  1172                           ;	WDT operating mode
  1173                           ;	WDTE = OFF, WDT Disabled; SWDTEN is ignored
  1174  300004                     	org	3145732
  1175  300004  9F                 	db	159
  1176                           
  1177                           ;Config register CONFIG6 @ 0x300005
  1178                           ;	WDT Window Select bits
  1179                           ;	WDTCWS = WDTCWS_7, window always open (100%); software control; keyed access not requi
      +                          red
  1180                           ;	WDT input clock selector
  1181                           ;	WDTCCS = SC, Software Control
  1182  300005                     	org	3145733
  1183  300005  FF                 	db	255
  1184                           
  1185                           ;Config register CONFIG7 @ 0x300006
  1186                           ;	Boot Block Size selection bits
  1187                           ;	BBSIZE = BBSIZE_512, Boot Block size is 512 words
  1188                           ;	Boot Block enable bit
  1189                           ;	BBEN = OFF, Boot block disabled
  1190                           ;	Storage Area Flash enable bit
  1191                           ;	SAFEN = OFF, SAF disabled
  1192                           ;	Background Debugger
  1193                           ;	DEBUG = OFF, Background Debugger disabled
  1194  300006                     	org	3145734
  1195  300006  FF                 	db	255
  1196                           
  1197                           ;Config register CONFIG8 @ 0x300007
  1198                           ;	Boot Block Write Protection bit
  1199                           ;	WRTB = OFF, Boot Block not Write protected
  1200                           ;	Configuration Register Write Protection bit
  1201                           ;	WRTC = OFF, Configuration registers not Write protected
  1202                           ;	Data EEPROM Write Protection bit
  1203                           ;	WRTD = OFF, Data EEPROM not Write protected
  1204                           ;	SAF Write protection bit
  1205                           ;	WRTSAF = OFF, SAF not Write Protected
  1206                           ;	Application Block write protection bit
  1207                           ;	WRTAPP = OFF, Application Block not write protected
  1208  300007                     	org	3145735
  1209  300007  FF                 	db	255
  1210                           
  1211                           ; Padding undefined space
  1212  300008                     	org	3145736
  1213  300008  FF                 	db	255
  1214                           
  1215                           ;Config register CONFIG10 @ 0x300009
  1216                           ;	PFM and Data EEPROM Code Protection bit
  1217                           ;	CP = OFF, PFM and Data EEPROM code protection disabled
  1218  300009                     	org	3145737
  1219  300009  FF                 	db	255
  1220                           tosu	equ	0x4FF
  1221                           tosh	equ	0x4FE
  1222                           tosl	equ	0x4FD
  1223                           stkptr	equ	0x4FC
  1224                           pclatu	equ	0x4FB
  1225                           pclath	equ	0x4FA
  1226                           pcl	equ	0x4F9
  1227                           tblptru	equ	0x4F8
  1228                           tblptrh	equ	0x4F7
  1229                           tblptrl	equ	0x4F6
  1230                           tablat	equ	0x4F5
  1231                           prodh	equ	0x4F4
  1232                           prodl	equ	0x4F3
  1233                           indf0	equ	0x4EF
  1234                           postinc0	equ	0x4EE
  1235                           postdec0	equ	0x4ED
  1236                           preinc0	equ	0x4EC
  1237                           plusw0	equ	0x4EB
  1238                           fsr0h	equ	0x4EA
  1239                           fsr0l	equ	0x4E9
  1240                           wreg	equ	0x4E8
  1241                           indf1	equ	0x4E7
  1242                           postinc1	equ	0x4E6
  1243                           postdec1	equ	0x4E5
  1244                           preinc1	equ	0x4E4
  1245                           plusw1	equ	0x4E3
  1246                           fsr1h	equ	0x4E2
  1247                           fsr1l	equ	0x4E1
  1248                           bsr	equ	0x4E0
  1249                           indf2	equ	0x4DF
  1250                           postinc2	equ	0x4DE
  1251                           postdec2	equ	0x4DD
  1252                           preinc2	equ	0x4DC
  1253                           plusw2	equ	0x4DB
  1254                           fsr2h	equ	0x4DA
  1255                           fsr2l	equ	0x4D9
  1256                           status	equ	0x4D8

Data Sizes:
    Strings     0
    Constant    0
    Data        18
    BSS         26
    Persistent  0
    Stack       0

Auto Spaces:
    Space          Size  Autos    Used
    COMRAM           95      8      52
    BANK5           160      0       0
    BANK6           256      0       0
    BANK7           256      0       0
    BANK8           256      0       0
    BANK9           256      0       0
    BANK10          256      0       0
    BANK11          256      0       0
    BANK12          256      0       0
    BANK13          256      0       0
    BANK14          256      0       0
    BANK15          256      0       0
    BANK16          256      0       0
    BANK17          256      0       0
    BANK18          256      0       0
    BANK19          256      0       0
    BANK20          256      0       0
    BANK21          256      0       0
    BANK22          256      0       0
    BANK23          256      0       0
    BANK24          256      0       0
    BANK25          256      0       0
    BANK26          256      0       0
    BANK27          256      0       0
    BANK28          256      0       0
    BANK29          256      0       0
    BANK30          256      0       0
    BANK31          256      0       0
    BANK32          256      0       0
    BANK33          256      0       0
    BANK34          256      0       0
    BANK35          256      0       0
    BANK36          256      0       0
    BANK37          256      0       0

Pointer List with Targets:

    None.

Critical Paths under _main in COMRAM

    _main->_TimeXus

Critical Paths under _main in BANK5

    None.

Critical Paths under _main in BANK6

    None.

Critical Paths under _main in BANK7

    None.

Critical Paths under _main in BANK8

    None.

Critical Paths under _main in BANK9

    None.

Critical Paths under _main in BANK10

    None.

Critical Paths under _main in BANK11

    None.

Critical Paths under _main in BANK12

    None.

Critical Paths under _main in BANK13

    None.

Critical Paths under _main in BANK14

    None.

Critical Paths under _main in BANK15

    None.

Critical Paths under _main in BANK16

    None.

Critical Paths under _main in BANK17

    None.

Critical Paths under _main in BANK18

    None.

Critical Paths under _main in BANK19

    None.

Critical Paths under _main in BANK20

    None.

Critical Paths under _main in BANK21

    None.

Critical Paths under _main in BANK22

    None.

Critical Paths under _main in BANK23

    None.

Critical Paths under _main in BANK24

    None.

Critical Paths under _main in BANK25

    None.

Critical Paths under _main in BANK26

    None.

Critical Paths under _main in BANK27

    None.

Critical Paths under _main in BANK28

    None.

Critical Paths under _main in BANK29

    None.

Critical Paths under _main in BANK30

    None.

Critical Paths under _main in BANK31

    None.

Critical Paths under _main in BANK32

    None.

Critical Paths under _main in BANK33

    None.

Critical Paths under _main in BANK34

    None.

Critical Paths under _main in BANK35

    None.

Critical Paths under _main in BANK36

    None.

Critical Paths under _main in BANK37

    None.

Call Graph Tables:

 ---------------------------------------------------------------------------------
 (Depth) Function   	        Calls       Base Space   Used Autos Params    Refs
 ---------------------------------------------------------------------------------
 (0) _main                                                 4     4      0     143
                                              4 COMRAM     4     4      0
                         _ClockSetup
                          _GpioSetup
                       _SysTickSetup
                        _SystemSleep
                            _TimeXus
                  _UserAppInitialize
                         _UserAppRun
 ---------------------------------------------------------------------------------
 (1) _UserAppRun                                           0     0      0       0
 ---------------------------------------------------------------------------------
 (1) _UserAppInitialize                                    0     0      0       0
 ---------------------------------------------------------------------------------
 (1) _TimeXus                                              4     2      2     120
                                              0 COMRAM     4     2      2
 ---------------------------------------------------------------------------------
 (1) _SystemSleep                                          0     0      0       0
 ---------------------------------------------------------------------------------
 (1) _SysTickSetup                                         0     0      0       0
 ---------------------------------------------------------------------------------
 (1) _GpioSetup                                            0     0      0       0
 ---------------------------------------------------------------------------------
 (1) _ClockSetup                                           0     0      0       0
 ---------------------------------------------------------------------------------
 Estimated maximum stack depth 1
 ---------------------------------------------------------------------------------

 Call Graph Graphs:

 _main (ROOT)
   _ClockSetup
   _GpioSetup
   _SysTickSetup
   _SystemSleep
   _TimeXus
   _UserAppInitialize
   _UserAppRun

 Address spaces:
Name               Size   Autos  Total    Cost      Usage
BIGRAM            20FF      0       0      71        0.0%
EEDATA             400      0       0       0        0.0%
BITBANK37          100      0       0      70        0.0%
BANK37             100      0       0      68        0.0%
BITBANK36          100      0       0      66        0.0%
BANK36             100      0       0      67        0.0%
BITBANK35          100      0       0      64        0.0%
BANK35             100      0       0      65        0.0%
BITBANK34          100      0       0      62        0.0%
BANK34             100      0       0      63        0.0%
BITBANK33          100      0       0      60        0.0%
BANK33             100      0       0      61        0.0%
BITBANK32          100      0       0      58        0.0%
BANK32             100      0       0      59        0.0%
BITBANK31          100      0       0      56        0.0%
BANK31             100      0       0      57        0.0%
BITBANK30          100      0       0      54        0.0%
BANK30             100      0       0      55        0.0%
BITBANK29          100      0       0      52        0.0%
BANK29             100      0       0      53        0.0%
BITBANK28          100      0       0      50        0.0%
BANK28             100      0       0      51        0.0%
BITBANK27          100      0       0      48        0.0%
BANK27             100      0       0      49        0.0%
BITBANK26          100      0       0      46        0.0%
BANK26             100      0       0      47        0.0%
BITBANK25          100      0       0      44        0.0%
BANK25             100      0       0      45        0.0%
BITBANK24          100      0       0      42        0.0%
BANK24             100      0       0      43        0.0%
BITBANK23          100      0       0      40        0.0%
BANK23             100      0       0      41        0.0%
BITBANK22          100      0       0      38        0.0%
BANK22             100      0       0      39        0.0%
BITBANK21          100      0       0      36        0.0%
BANK21             100      0       0      37        0.0%
BITBANK20          100      0       0      34        0.0%
BANK20             100      0       0      35        0.0%
BITBANK19          100      0       0      32        0.0%
BANK19             100      0       0      33        0.0%
BITBANK18          100      0       0      30        0.0%
BANK18             100      0       0      31        0.0%
BITBANK17          100      0       0      28        0.0%
BANK17             100      0       0      29        0.0%
BITBANK16          100      0       0      26        0.0%
BANK16             100      0       0      27        0.0%
BITBANK15          100      0       0      24        0.0%
BANK15             100      0       0      25        0.0%
BITBANK14          100      0       0      22        0.0%
BANK14             100      0       0      23        0.0%
BITBANK13          100      0       0      20        0.0%
BANK13             100      0       0      21        0.0%
BITBANK12          100      0       0      18        0.0%
BANK12             100      0       0      19        0.0%
BITBANK11          100      0       0      16        0.0%
BANK11             100      0       0      17        0.0%
BITBANK10          100      0       0      14        0.0%
BANK10             100      0       0      15        0.0%
BITBANK9           100      0       0      12        0.0%
BANK9              100      0       0      13        0.0%
BITBANK8           100      0       0      10        0.0%
BANK8              100      0       0      11        0.0%
BITBANK7           100      0       0       8        0.0%
BANK7              100      0       0       9        0.0%
BITBANK6           100      0       0       6        0.0%
BANK6              100      0       0       7        0.0%
BITBANK5            A0      0       0       4        0.0%
BANK5               A0      0       0       5        0.0%
BITCOMRAM           5F      0       0       0        0.0%
COMRAM              5F      8      34       1       54.7%
BITSFR_5             0      0       0     200        0.0%
SFR_5                0      0       0     200        0.0%
BITSFR_4             0      0       0     200        0.0%
SFR_4                0      0       0     200        0.0%
BITSFR_3             0      0       0     200        0.0%
SFR_3                0      0       0     200        0.0%
BITSFR_2             0      0       0     200        0.0%
SFR_2                0      0       0     200        0.0%
BITSFR_1             0      0       0     200        0.0%
SFR_1                0      0       0     200        0.0%
BITSFR               0      0       0     200        0.0%
SFR                  0      0       0     200        0.0%
STACK                0      0       0       2        0.0%
NULL                 0      0       0       0        0.0%
ABS                  0      0      34      69        0.0%
DATA                 0      0      34       3        0.0%
CODE                 0      0       0       0        0.0%


Microchip Technology PIC18 Macro Assembler V2.31 build 20201012212115 
Symbol Table                                                                                   Thu Mar 18 10:25:01 2021

         __size_of_SysTickSetup 0022                              l22 FD02                              l25 FD24  
                            l19 FCD2                              l28 FCD4                              l70 FEDC  
                            l80 FFD0                              l84 FFD8                              l86 FFE6  
                           l131 FDB8                             l151 FEB0                             l128 FD80  
                           l152 FEB4                             l155 FD46                             u220 FD8E  
                           u300 FE64                             u221 FD8A                             u301 FE60  
                           u230 FDD4                             u310 FEEA                             u231 FDD0  
                           u311 FEE6                             u240 FDE6                             u320 FEFA  
                           u241 FDE2                             u321 FEF6                             u250 FDFA  
                           u330 FF34                             u251 FDF6                             u331 FF30  
                           u260 FE0C                             u340 FF6C                             u261 FE08  
                           u341 FF68                             u270 FE20                             u350 FFA6  
                           u271 FE1C                             u351 FFA2                             u280 FE30  
                           u360 FFE6                             u281 FE2C                             u361 FFE2  
                           u290 FE42                             u291 FE3E                             wreg 0004E8  
                          l1020 FD7A                            l1022 FD8E                            l1030 FDFA  
                          l1110 FF94                            l1102 FF5A                            l1016 FCE8  
                          l1040 FE4A                            l1032 FE0C                            l1024 FDBA  
                          l1120 FFD6                            l1112 FFA6                            l1104 FF6C  
                          l1018 FD04                            l1050 FE6E                            l1042 FE52  
                          l1034 FE20                            l1026 FDD4                            l1122 FFEC  
                          l1114 FFC4                            l1106 FF8C                            l1060 FE90  
                          l1044 FE64                            l1036 FE30                            l1052 FE76  
                          l1028 FDE6                            l1116 FFC8                            l1038 FE42  
                          l1054 FE82                            l1062 FEA4                            l1118 FFD0  
                          l1070 FEB6                            l1064 FD26                            l1056 FE84  
                          l1048 FE6C                            l1080 FEC8                            l1072 FEB8  
                          l1066 FD2A                            l1058 FE8C                            l1090 FF1A  
                          l1082 FECC                            l1074 FEBC                            l1068 FD3C  
                          l1092 FF1E                            l1084 FED0                            l1076 FEC0  
                          l1094 FF24                            l1086 FEEA                            l1078 FEC4  
                          l1096 FF34                            l1088 FEFA                            l1098 FF52  
                          _LATA 0004BE                            _LATB 0004BF                            _PIR3 0004B1  
                          _main FEB6                    _SysTickSetup FD04                            fsr1l 0004E1  
                          start FFFC            __size_of_SystemSleep 0002                    ___param_bank 000000  
                    _ClockSetup FCD2                 __end_of_TimeXus FD48                           ?_main 052D  
                         _TMR0H 000319                           _TMR0L 000318                           _TRISA 0004C6  
                         _TRISB 0004C7                  main@u8BCDecode 0534                           tablat 0004F5  
                         status 0004D8                 __initialization FD48                    __end_of_main FFFC  
                        ??_main 0531                   __activetblptr 000000                          _ANSELA 000400  
                        _ANSELB 000408                          _T0CON0 00031A                          _T0CON1 00031B  
            __size_of_GpioSetup 001C                          _NVMADR 000043                       ??_TimeXus 052F  
                        _u8Time 0514                     ?_ClockSetup 052D                          clear_0 FD6E  
                  __pdataCOMRAM 051B                          tblptrh 0004F7                          tblptrl 0004F6  
                        tblptru 0004F8                      _UserAppRun FDBA                      __accesstop 0560  
       __end_of__initialization FD74                   ___rparam_used 000001                _G_u8UserAppFlags 0518  
                __pcstackCOMRAM 052D               __end_of_GpioSetup FD04             __size_of_ClockSetup 0002  
                       _NVMDATL 000046                         _NVMLOCK 000042                     ?_UserAppRun 052D  
                 ??_SystemSleep 052D                     _u8AlarmFlag 0517                     _u8AlarmTime 0511  
                       __Hparam 0000                         __Lparam 0000                         _TimeXus FD26  
                       __pcinit FD48                         __ramtop 2600                         __ptext0 FEB6  
                       __ptext1 FDBA                         __ptext2 FD7A                         __ptext3 FD26  
                       __ptext4 FCD4                         __ptext5 FD04                         __ptext6 FCE8  
                       __ptext7 FCD2  UserAppRun@u32TimeUpdateDelayer 0501            end_of_initialization FD74  
                     _OSCENbits 0000B3                _G_u32SystemFlags 0505                         postdec1 0004E5  
                       postinc0 0004EE             __end_of_SystemSleep FCD6                    ??_ClockSetup 052D  
           __size_of_UserAppRun 00FC              __end_of_ClockSetup FCD4                   __pidataCOMRAM FCD6  
                     _GpioSetup FCE8             start_initialization FD48                   ?_SysTickSetup 052D  
             main@u8TimeCounter 0519                     _SystemSleep FCD4                      ?_GpioSetup 052D  
                   __pbssCOMRAM 0501               _UserAppInitialize FD7A                    ??_UserAppRun 052D  
            ?_UserAppInitialize 052D                  ??_SysTickSetup 052D              main@u8DigitCounter 051A  
           ??_UserAppInitialize 052D                        ?_TimeXus 052D              __end_of_UserAppRun FEB6  
     __end_of_UserAppInitialize FDBA                     ??_GpioSetup 052D                     _INTCON0bits 0004D6  
                     copy_data0 FD5C                        __Hrparam 0000                        __Lrparam 0000  
 SegmentDecoderIntialize@F15933 051B                __size_of_TimeXus 0022            __end_of_SysTickSetup FD26  
    __size_of_UserAppInitialize 0040                     _OSCCON3bits 0000AF                   __size_of_main 0146  
                  ?_SystemSleep 052D                     _OSCSTATbits 0000B2                     _NVMCON0bits 000040  
            _G_u32SystemTime1ms 050D                     _NVMCON1bits 000041             TimeXus@u16TimerTime 052D  
             _G_u32SystemTime1s 0509  
